This is pdfTeX, Version 3.14159265-2.6-1.40.18 (TeX Live 2017/Debian) (preloaded format=pdflatex 2018.6.4)  14 JUN 2018 13:16
entering extended mode
 restricted \write18 enabled.
 %&-line parsing enabled.
**larStruct.tex
(./larStruct.tex
LaTeX2e <2017-04-15>
Babel <3.12> and hyphenation patterns for 3 language(s) loaded.
(/usr/share/texlive/texmf-dist/tex/latex/base/article.cls
Document Class: article 2014/09/29 v1.4h Standard LaTeX document class
(/usr/share/texlive/texmf-dist/tex/latex/base/size12.clo
File: size12.clo 2014/09/29 v1.4h Standard LaTeX file (size option)
)
\c@part=\count79
\c@section=\count80
\c@subsection=\count81
\c@subsubsection=\count82
\c@paragraph=\count83
\c@subparagraph=\count84
\c@figure=\count85
\c@table=\count86
\abovecaptionskip=\skip41
\belowcaptionskip=\skip42
\bibindent=\dimen102
)
(/usr/share/texlive/texmf-dist/tex/latex/geometry/geometry.sty
Package: geometry 2010/09/12 v5.6 Page Geometry

(/usr/share/texlive/texmf-dist/tex/latex/graphics/keyval.sty
Package: keyval 2014/10/28 v1.15 key=value parser (DPC)
\KV@toks@=\toks14
)
(/usr/share/texlive/texmf-dist/tex/generic/oberdiek/ifpdf.sty
Package: ifpdf 2017/03/15 v3.2 Provides the ifpdf switch
)
(/usr/share/texlive/texmf-dist/tex/generic/oberdiek/ifvtex.sty
Package: ifvtex 2016/05/16 v1.6 Detect VTeX and its facilities (HO)
Package ifvtex Info: VTeX not detected.
)
(/usr/share/texlive/texmf-dist/tex/generic/ifxetex/ifxetex.sty
Package: ifxetex 2010/09/12 v0.6 Provides ifxetex conditional
)
\Gm@cnth=\count87
\Gm@cntv=\count88
\c@Gm@tempcnt=\count89
\Gm@bindingoffset=\dimen103
\Gm@wd@mp=\dimen104
\Gm@odd@mp=\dimen105
\Gm@even@mp=\dimen106
\Gm@layoutwidth=\dimen107
\Gm@layoutheight=\dimen108
\Gm@layouthoffset=\dimen109
\Gm@layoutvoffset=\dimen110
\Gm@dimlist=\toks15
)
(/usr/share/texlive/texmf-dist/tex/generic/babel/babel.sty
Package: babel 2017/06/29 3.12 The Babel package

(/usr/share/texlive/texmf-dist/tex/generic/babel/switch.def
File: switch.def 2017/06/29 3.12 Babel switching mechanism
)
(/usr/share/texlive/texmf-dist/tex/generic/babel-english/english.ldf
Language: english 2017/06/06 v3.3r English support from the babel system

(/usr/share/texlive/texmf-dist/tex/generic/babel/babel.def
File: babel.def 2017/06/29 3.12 Babel common definitions

(/usr/share/texlive/texmf-dist/tex/generic/babel/switch.def
File: switch.def 2017/06/29 3.12 Babel switching mechanism
)
\babel@savecnt=\count90
\U@D=\dimen111
)
\l@british = a dialect from \language\l@english 
\l@UKenglish = a dialect from \language\l@english 
\l@canadian = a dialect from \language\l@american 
\l@australian = a dialect from \language\l@british 
\l@newzealand = a dialect from \language\l@british 
))
(/usr/share/texlive/texmf-dist/tex/latex/base/inputenc.sty
Package: inputenc 2015/03/17 v1.2c Input encoding file
\inpenc@prehook=\toks16
\inpenc@posthook=\toks17

(/usr/share/texlive/texmf-dist/tex/latex/base/latin1.def
File: latin1.def 2015/03/17 v1.2c Input encoding file
))
(/usr/share/texlive/texmf-dist/tex/latex/graphics/graphicx.sty
Package: graphicx 2017/06/01 v1.1a Enhanced LaTeX Graphics (DPC,SPQR)

(/usr/share/texlive/texmf-dist/tex/latex/graphics/graphics.sty
Package: graphics 2017/06/25 v1.2c Standard LaTeX Graphics (DPC,SPQR)

(/usr/share/texlive/texmf-dist/tex/latex/graphics/trig.sty
Package: trig 2016/01/03 v1.10 sin cos tan (DPC)
)
(/usr/share/texlive/texmf-dist/tex/latex/graphics-cfg/graphics.cfg
File: graphics.cfg 2016/06/04 v1.11 sample graphics configuration
)
Package graphics Info: Driver file: pdftex.def on input line 99.

(/usr/share/texlive/texmf-dist/tex/latex/graphics-def/pdftex.def
File: pdftex.def 2017/06/24 v1.0g Graphics/color driver for pdftex
))
\Gin@req@height=\dimen112
\Gin@req@width=\dimen113
)
(/usr/share/texlive/texmf-dist/tex/latex/listings/listings.sty
\lst@mode=\count91
\lst@gtempboxa=\box26
\lst@token=\toks18
\lst@length=\count92
\lst@currlwidth=\dimen114
\lst@column=\count93
\lst@pos=\count94
\lst@lostspace=\dimen115
\lst@width=\dimen116
\lst@newlines=\count95
\lst@lineno=\count96
\lst@maxwidth=\dimen117

(/usr/share/texlive/texmf-dist/tex/latex/listings/lstmisc.sty
File: lstmisc.sty 2015/06/04 1.6 (Carsten Heinz)
\lst@fmtcurrindent=\dimen118
\lst@newlinesensured=\count97
\c@lstnumber=\count98
\lst@skipnumbers=\count99
\lst@framebox=\box27
)
(/usr/share/texlive/texmf-dist/tex/latex/listings/listings.cfg
File: listings.cfg 2015/06/04 1.6 listings configuration
))
Package: listings 2015/06/04 1.6 (Carsten Heinz)

(/usr/share/texlive/texmf-dist/tex/latex/fancyvrb/fancyvrb.sty
Package: fancyvrb 2008/02/07

Style option: `fancyvrb' v2.7a, with DG/SPQR fixes, and firstline=lastline fix 
<2008/02/07> (tvz)
\FV@CodeLineNo=\count100
\FV@InFile=\read1
\FV@TabBox=\box28
\c@FancyVerbLine=\count101
\FV@StepNumber=\count102
\FV@OutFile=\write3
) (/usr/share/texlive/texmf-dist/tex/latex/tools/multicol.sty
Package: multicol 2017/04/11 v1.8q multicolumn formatting (FMi)
\c@tracingmulticols=\count103
\mult@box=\box29
\multicol@leftmargin=\dimen119
\c@unbalance=\count104
\c@collectmore=\count105
\doublecol@number=\count106
\multicoltolerance=\count107
\multicolpretolerance=\count108
\full@width=\dimen120
\page@free=\dimen121
\premulticols=\dimen122
\postmulticols=\dimen123
\multicolsep=\skip43
\multicolbaselineskip=\skip44
\partial@page=\box30
\last@line=\box31
\maxbalancingoverflow=\dimen124
\mult@rightbox=\box32
\mult@grightbox=\box33
\mult@gfirstbox=\box34
\mult@firstbox=\box35
\@tempa=\box36
\@tempa=\box37
\@tempa=\box38
\@tempa=\box39
\@tempa=\box40
\@tempa=\box41
\@tempa=\box42
\@tempa=\box43
\@tempa=\box44
\@tempa=\box45
\@tempa=\box46
\@tempa=\box47
\@tempa=\box48
\@tempa=\box49
\@tempa=\box50
\@tempa=\box51
\@tempa=\box52
\c@columnbadness=\count109
\c@finalcolumnbadness=\count110
\last@try=\dimen125
\multicolovershoot=\dimen126
\multicolundershoot=\dimen127
\mult@nat@firstbox=\box53
\colbreak@box=\box54
\mc@col@check@num=\count111
) (/usr/share/texlive/texmf-dist/tex/latex/mdframed/mdframed.sty
Package: mdframed 2013/07/01 1.9b: mdframed

(/usr/share/texlive/texmf-dist/tex/latex/oberdiek/kvoptions.sty
Package: kvoptions 2016/05/16 v3.12 Key value format for package options (HO)

(/usr/share/texlive/texmf-dist/tex/generic/oberdiek/ltxcmds.sty
Package: ltxcmds 2016/05/16 v1.23 LaTeX kernel commands for general use (HO)
)
(/usr/share/texlive/texmf-dist/tex/generic/oberdiek/kvsetkeys.sty
Package: kvsetkeys 2016/05/16 v1.17 Key value parser (HO)

(/usr/share/texlive/texmf-dist/tex/generic/oberdiek/infwarerr.sty
Package: infwarerr 2016/05/16 v1.4 Providing info/warning/error messages (HO)
)
(/usr/share/texlive/texmf-dist/tex/generic/oberdiek/etexcmds.sty
Package: etexcmds 2016/05/16 v1.6 Avoid name clashes with e-TeX commands (HO)

(/usr/share/texlive/texmf-dist/tex/generic/oberdiek/ifluatex.sty
Package: ifluatex 2016/05/16 v1.4 Provides the ifluatex switch (HO)
Package ifluatex Info: LuaTeX not detected.
)
Package etexcmds Info: Could not find \expanded.
(etexcmds)             That can mean that you are not using pdfTeX 1.50 or
(etexcmds)             that some package has redefined \expanded.
(etexcmds)             In the latter case, load this package earlier.
)))
(/usr/share/texlive/texmf-dist/tex/latex/l3packages/xparse/xparse.sty
(/usr/share/texlive/texmf-dist/tex/latex/l3kernel/expl3.sty
Package: expl3 2017/07/19 L3 programming layer (loader) 

(/usr/share/texlive/texmf-dist/tex/latex/l3kernel/expl3-code.tex
Package: expl3 2017/07/19 L3 programming layer (code)
\c_max_int=\count112
\l_tmpa_int=\count113
\l_tmpb_int=\count114
\g_tmpa_int=\count115
\g_tmpb_int=\count116
\g__intarray_font_int=\count117
\g__prg_map_int=\count118
\c_log_iow=\count119
\l_iow_line_count_int=\count120
\l__iow_line_target_int=\count121
\l__iow_one_indent_int=\count122
\l__iow_indent_int=\count123
\c_zero_dim=\dimen128
\c_max_dim=\dimen129
\l_tmpa_dim=\dimen130
\l_tmpb_dim=\dimen131
\g_tmpa_dim=\dimen132
\g_tmpb_dim=\dimen133
\c_zero_skip=\skip45
\c_max_skip=\skip46
\l_tmpa_skip=\skip47
\l_tmpb_skip=\skip48
\g_tmpa_skip=\skip49
\g_tmpb_skip=\skip50
\c_zero_muskip=\muskip10
\c_max_muskip=\muskip11
\l_tmpa_muskip=\muskip12
\l_tmpb_muskip=\muskip13
\g_tmpa_muskip=\muskip14
\g_tmpb_muskip=\muskip15
\l_keys_choice_int=\count124
\c__fp_leading_shift_int=\count125
\c__fp_middle_shift_int=\count126
\c__fp_trailing_shift_int=\count127
\c__fp_big_leading_shift_int=\count128
\c__fp_big_middle_shift_int=\count129
\c__fp_big_trailing_shift_int=\count130
\c__fp_Bigg_leading_shift_int=\count131
\c__fp_Bigg_middle_shift_int=\count132
\c__fp_Bigg_trailing_shift_int=\count133
\c__fp_rand_size_int=\count134
\c__fp_rand_four_int=\count135
\c__fp_rand_eight_int=\count136
\l__sort_length_int=\count137
\l__sort_min_int=\count138
\l__sort_top_int=\count139
\l__sort_max_int=\count140
\l__sort_true_max_int=\count141
\l__sort_block_int=\count142
\l__sort_begin_int=\count143
\l__sort_end_int=\count144
\l__sort_A_int=\count145
\l__sort_B_int=\count146
\l__sort_C_int=\count147
\l__tl_build_start_index_int=\count148
\l__tl_build_index_int=\count149
\l__tl_analysis_normal_int=\count150
\l__tl_analysis_index_int=\count151
\l__tl_analysis_nesting_int=\count152
\l__tl_analysis_type_int=\count153
\l__regex_internal_a_int=\count154
\l__regex_internal_b_int=\count155
\l__regex_internal_c_int=\count156
\l__regex_balance_int=\count157
\l__regex_group_level_int=\count158
\l__regex_mode_int=\count159
\c__regex_cs_in_class_mode_int=\count160
\c__regex_cs_mode_int=\count161
\l__regex_catcodes_int=\count162
\l__regex_default_catcodes_int=\count163
\c__regex_catcode_D_int=\count164
\c__regex_catcode_S_int=\count165
\c__regex_catcode_L_int=\count166
\c__regex_catcode_O_int=\count167
\c__regex_catcode_A_int=\count168
\c__regex_all_catcodes_int=\count169
\l__regex_show_lines_int=\count170
\l__regex_min_state_int=\count171
\l__regex_max_state_int=\count172
\l__regex_left_state_int=\count173
\l__regex_right_state_int=\count174
\l__regex_capturing_group_int=\count175
\l__regex_min_pos_int=\count176
\l__regex_max_pos_int=\count177
\l__regex_curr_pos_int=\count178
\l__regex_start_pos_int=\count179
\l__regex_success_pos_int=\count180
\l__regex_curr_char_int=\count181
\l__regex_curr_catcode_int=\count182
\l__regex_last_char_int=\count183
\l__regex_case_changed_char_int=\count184
\l__regex_curr_state_int=\count185
\l__regex_step_int=\count186
\l__regex_min_active_int=\count187
\l__regex_max_active_int=\count188
\l__regex_replacement_csnames_int=\count189
\l__regex_match_count_int=\count190
\l__regex_min_submatch_int=\count191
\l__regex_submatch_int=\count192
\l__regex_zeroth_submatch_int=\count193
\g__debug_trace_regex_int=\count194
\c_empty_box=\box55
\l_tmpa_box=\box56
\l_tmpb_box=\box57
\g_tmpa_box=\box58
\g_tmpb_box=\box59
\l__box_top_dim=\dimen134
\l__box_bottom_dim=\dimen135
\l__box_left_dim=\dimen136
\l__box_right_dim=\dimen137
\l__box_top_new_dim=\dimen138
\l__box_bottom_new_dim=\dimen139
\l__box_left_new_dim=\dimen140
\l__box_right_new_dim=\dimen141
\l__box_internal_box=\box60
\l__coffin_internal_box=\box61
\l__coffin_internal_dim=\dimen142
\l__coffin_offset_x_dim=\dimen143
\l__coffin_offset_y_dim=\dimen144
\l__coffin_x_dim=\dimen145
\l__coffin_y_dim=\dimen146
\l__coffin_x_prime_dim=\dimen147
\l__coffin_y_prime_dim=\dimen148
\c_empty_coffin=\box62
\l__coffin_aligned_coffin=\box63
\l__coffin_aligned_internal_coffin=\box64
\l_tmpa_coffin=\box65
\l_tmpb_coffin=\box66
\l__coffin_display_coffin=\box67
\l__coffin_display_coord_coffin=\box68
\l__coffin_display_pole_coffin=\box69
\l__coffin_display_offset_dim=\dimen149
\l__coffin_display_x_dim=\dimen150
\l__coffin_display_y_dim=\dimen151
\l__coffin_bounding_shift_dim=\dimen152
\l__coffin_left_corner_dim=\dimen153
\l__coffin_right_corner_dim=\dimen154
\l__coffin_bottom_corner_dim=\dimen155
\l__coffin_top_corner_dim=\dimen156
\l__coffin_scaled_total_height_dim=\dimen157
\l__coffin_scaled_width_dim=\dimen158
)
(/usr/share/texlive/texmf-dist/tex/latex/l3kernel/l3pdfmode.def
File: l3pdfmode.def 2017/03/18 v L3 Experimental driver: PDF mode
\l__driver_color_stack_int=\count195
\l__driver_tmp_box=\box70
))
Package: xparse 2017/07/19 L3 Experimental document command parser
\l__xparse_current_arg_int=\count196
\g__xparse_grabber_int=\count197
\l__xparse_m_args_int=\count198
\l__xparse_mandatory_args_int=\count199
\l__xparse_v_nesting_int=\count266
)
(/usr/share/texlive/texmf-dist/tex/latex/etoolbox/etoolbox.sty
Package: etoolbox 2017/01/02 v2.4 e-TeX tools for LaTeX (JAW)
\etb@tempcnta=\count267
)
(/usr/share/texlive/texmf-dist/tex/latex/oberdiek/zref-abspage.sty
Package: zref-abspage 2016/05/21 v2.26 Module abspage for zref (HO)

(/usr/share/texlive/texmf-dist/tex/latex/oberdiek/zref-base.sty
Package: zref-base 2016/05/21 v2.26 Module base for zref (HO)

(/usr/share/texlive/texmf-dist/tex/generic/oberdiek/kvdefinekeys.sty
Package: kvdefinekeys 2016/05/16 v1.4 Define keys (HO)
)
(/usr/share/texlive/texmf-dist/tex/generic/oberdiek/pdftexcmds.sty
Package: pdftexcmds 2017/03/19 v0.25 Utility functions of pdfTeX for LuaTeX (HO
)
Package pdftexcmds Info: LuaTeX not detected.
Package pdftexcmds Info: \pdf@primitive is available.
Package pdftexcmds Info: \pdf@ifprimitive is available.
Package pdftexcmds Info: \pdfdraftmode found.
)
(/usr/share/texlive/texmf-dist/tex/latex/oberdiek/auxhook.sty
Package: auxhook 2016/05/16 v1.4 Hooks for auxiliary files (HO)
)
Package zref Info: New property list: main on input line 759.
Package zref Info: New property: default on input line 760.
Package zref Info: New property: page on input line 761.
)
(/usr/share/texlive/texmf-dist/tex/generic/oberdiek/atbegshi.sty
Package: atbegshi 2016/06/09 v1.18 At begin shipout hook (HO)
)
\c@abspage=\count268
Package zref Info: New property: abspage on input line 62.
)
(/usr/share/texlive/texmf-dist/tex/latex/needspace/needspace.sty
Package: needspace 2010/09/12 v1.3d reserve vertical space
)
(/usr/share/texlive/texmf-dist/tex/latex/graphics/color.sty
Package: color 2016/07/10 v1.1e Standard LaTeX Color (DPC)

(/usr/share/texlive/texmf-dist/tex/latex/graphics-cfg/color.cfg
File: color.cfg 2016/01/02 v1.6 sample color configuration
)
Package color Info: Driver file: pdftex.def on input line 147.
)
\mdf@templength=\skip51
\c@mdf@globalstyle@cnt=\count269
\mdf@skipabove@length=\skip52
\mdf@skipbelow@length=\skip53
\mdf@leftmargin@length=\skip54
\mdf@rightmargin@length=\skip55
\mdf@innerleftmargin@length=\skip56
\mdf@innerrightmargin@length=\skip57
\mdf@innertopmargin@length=\skip58
\mdf@innerbottommargin@length=\skip59
\mdf@splittopskip@length=\skip60
\mdf@splitbottomskip@length=\skip61
\mdf@outermargin@length=\skip62
\mdf@innermargin@length=\skip63
\mdf@linewidth@length=\skip64
\mdf@innerlinewidth@length=\skip65
\mdf@middlelinewidth@length=\skip66
\mdf@outerlinewidth@length=\skip67
\mdf@roundcorner@length=\skip68
\mdf@footenotedistance@length=\skip69
\mdf@userdefinedwidth@length=\skip70
\mdf@needspace@length=\skip71
\mdf@frametitleaboveskip@length=\skip72
\mdf@frametitlebelowskip@length=\skip73
\mdf@frametitlerulewidth@length=\skip74
\mdf@frametitleleftmargin@length=\skip75
\mdf@frametitlerightmargin@length=\skip76
\mdf@shadowsize@length=\skip77
\mdf@extratopheight@length=\skip78
\mdf@subtitleabovelinewidth@length=\skip79
\mdf@subtitlebelowlinewidth@length=\skip80
\mdf@subtitleaboveskip@length=\skip81
\mdf@subtitlebelowskip@length=\skip82
\mdf@subtitleinneraboveskip@length=\skip83
\mdf@subtitleinnerbelowskip@length=\skip84
\mdf@subsubtitleabovelinewidth@length=\skip85
\mdf@subsubtitlebelowlinewidth@length=\skip86
\mdf@subsubtitleaboveskip@length=\skip87
\mdf@subsubtitlebelowskip@length=\skip88
\mdf@subsubtitleinneraboveskip@length=\skip89
\mdf@subsubtitleinnerbelowskip@length=\skip90

(/usr/share/texlive/texmf-dist/tex/latex/mdframed/md-frame-0.mdf
File: md-frame-0.mdf 2013/07/01\ 1.9b: md-frame-0
)
\mdf@frametitlebox=\box71
\mdf@footnotebox=\box72
\mdf@splitbox@one=\box73
\mdf@splitbox@two=\box74
\mdf@splitbox@save=\box75
\mdfsplitboxwidth=\skip91
\mdfsplitboxtotalwidth=\skip92
\mdfsplitboxheight=\skip93
\mdfsplitboxdepth=\skip94
\mdfsplitboxtotalheight=\skip95
\mdfframetitleboxwidth=\skip96
\mdfframetitleboxtotalwidth=\skip97
\mdfframetitleboxheight=\skip98
\mdfframetitleboxdepth=\skip99
\mdfframetitleboxtotalheight=\skip100
\mdffootnoteboxwidth=\skip101
\mdffootnoteboxtotalwidth=\skip102
\mdffootnoteboxheight=\skip103
\mdffootnoteboxdepth=\skip104
\mdffootnoteboxtotalheight=\skip105
\mdftotallinewidth=\skip106
\mdfboundingboxwidth=\skip107
\mdfboundingboxtotalwidth=\skip108
\mdfboundingboxheight=\skip109
\mdfboundingboxdepth=\skip110
\mdfboundingboxtotalheight=\skip111
\mdf@freevspace@length=\skip112
\mdf@horizontalwidthofbox@length=\skip113
\mdf@verticalmarginwhole@length=\skip114
\mdf@horizontalspaceofbox=\skip115
\mdfsubtitleheight=\skip116
\mdfsubsubtitleheight=\skip117
\c@mdfcountframes=\count270

****** mdframed patching \endmdf@trivlist

****** -- success******

.................................................
. LaTeX info: "xparse/define-command"
. 
. Defining command \newmdtheoremenv with sig. 'O{} m o m o ' on line 601.
.................................................
.................................................
. LaTeX info: "xparse/define-command"
. 
. Defining command \mdtheorem with sig. ' O{} m o m o ' on line 701.
.................................................
\mdf@envdepth=\count271
\c@mdf@env@i=\count272
\c@mdf@env@ii=\count273
\c@mdf@zref@counter=\count274
Package zref Info: New property: mdf@pagevalue on input line 895.
)
(/usr/share/texlive/texmf-dist/tex/latex/subfig/subfig.sty
Package: subfig 2005/06/28 ver: 1.3 subfig package

(/usr/share/texlive/texmf-dist/tex/latex/caption/caption.sty
Package: caption 2016/02/21 v3.3-144 Customizing captions (AR)

(/usr/share/texlive/texmf-dist/tex/latex/caption/caption3.sty
Package: caption3 2016/05/22 v1.7-166 caption3 kernel (AR)
Package caption3 Info: TeX engine: e-TeX on input line 67.
\captionmargin=\dimen159
\captionmargin@=\dimen160
\captionwidth=\dimen161
\caption@tempdima=\dimen162
\caption@indent=\dimen163
\caption@parindent=\dimen164
\caption@hangindent=\dimen165
)
\c@ContinuedFloat=\count275
Package caption Info: listings package is loaded.
)
\c@KVtest=\count276
\sf@farskip=\skip118
\sf@captopadj=\dimen166
\sf@capskip=\skip119
\sf@nearskip=\skip120
\c@subfigure=\count277
\c@subfigure@save=\count278
\c@lofdepth=\count279
\c@subtable=\count280
\c@subtable@save=\count281
\c@lotdepth=\count282
\sf@top=\skip121
\sf@bottom=\skip122
)
(/usr/share/texlive/texmf-dist/tex/latex/hyperref/hyperref.sty
Package: hyperref 2017/03/14 v6.85a Hypertext links for LaTeX

(/usr/share/texlive/texmf-dist/tex/generic/oberdiek/hobsub-hyperref.sty
Package: hobsub-hyperref 2016/05/16 v1.14 Bundle oberdiek, subset hyperref (HO)


(/usr/share/texlive/texmf-dist/tex/generic/oberdiek/hobsub-generic.sty
Package: hobsub-generic 2016/05/16 v1.14 Bundle oberdiek, subset generic (HO)
Package: hobsub 2016/05/16 v1.14 Construct package bundles (HO)
Package hobsub Info: Skipping package `infwarerr' (already loaded).
Package hobsub Info: Skipping package `ltxcmds' (already loaded).
Package hobsub Info: Skipping package `ifluatex' (already loaded).
Package hobsub Info: Skipping package `ifvtex' (already loaded).
Package: intcalc 2016/05/16 v1.2 Expandable calculations with integers (HO)
Package hobsub Info: Skipping package `ifpdf' (already loaded).
Package hobsub Info: Skipping package `etexcmds' (already loaded).
Package hobsub Info: Skipping package `kvsetkeys' (already loaded).
Package hobsub Info: Skipping package `kvdefinekeys' (already loaded).
Package hobsub Info: Skipping package `pdftexcmds' (already loaded).
Package: pdfescape 2016/05/16 v1.14 Implements pdfTeX's escape features (HO)
Package: bigintcalc 2016/05/16 v1.4 Expandable calculations on big integers (HO
)
Package: bitset 2016/05/16 v1.2 Handle bit-vector datatype (HO)
Package: uniquecounter 2016/05/16 v1.3 Provide unlimited unique counter (HO)
)
Package hobsub Info: Skipping package `hobsub' (already loaded).
Package: letltxmacro 2016/05/16 v1.5 Let assignment for LaTeX macros (HO)
Package: hopatch 2016/05/16 v1.3 Wrapper for package hooks (HO)
Package: xcolor-patch 2016/05/16 xcolor patch
Package: atveryend 2016/05/16 v1.9 Hooks at the very end of document (HO)
Package hobsub Info: Skipping package `atbegshi' (already loaded).
Package: refcount 2016/05/16 v3.5 Data extraction from label references (HO)
Package: hycolor 2016/05/16 v1.8 Color options for hyperref/bookmark (HO)
)
\@linkdim=\dimen167
\Hy@linkcounter=\count283
\Hy@pagecounter=\count284

(/usr/share/texlive/texmf-dist/tex/latex/hyperref/pd1enc.def
File: pd1enc.def 2017/03/14 v6.85a Hyperref: PDFDocEncoding definition (HO)
)
\Hy@SavedSpaceFactor=\count285

(/usr/share/texlive/texmf-dist/tex/latex/latexconfig/hyperref.cfg
File: hyperref.cfg 2002/06/06 v1.2 hyperref configuration of TeXLive
)
Package hyperref Info: Hyper figures OFF on input line 4498.
Package hyperref Info: Link nesting OFF on input line 4503.
Package hyperref Info: Hyper index ON on input line 4506.
Package hyperref Info: Plain pages OFF on input line 4513.
Package hyperref Info: Backreferencing OFF on input line 4518.
Package hyperref Info: Implicit mode ON; LaTeX internals redefined.
Package hyperref Info: Bookmarks ON on input line 4751.
\c@Hy@tempcnt=\count286

(/usr/share/texlive/texmf-dist/tex/latex/url/url.sty
\Urlmuskip=\muskip16
Package: url 2013/09/16  ver 3.4  Verb mode for urls, etc.
)
LaTeX Info: Redefining \url on input line 5104.
\XeTeXLinkMargin=\dimen168
\Fld@menulength=\count287
\Field@Width=\dimen169
\Fld@charsize=\dimen170
Package hyperref Info: Hyper figures OFF on input line 6358.
Package hyperref Info: Link nesting OFF on input line 6363.
Package hyperref Info: Hyper index ON on input line 6366.
Package hyperref Info: backreferencing OFF on input line 6373.
Package hyperref Info: Link coloring OFF on input line 6378.
Package hyperref Info: Link coloring with OCG OFF on input line 6383.
Package hyperref Info: PDF/A mode OFF on input line 6388.
LaTeX Info: Redefining \ref on input line 6428.
LaTeX Info: Redefining \pageref on input line 6432.
\Hy@abspage=\count288
\c@Item=\count289
\c@Hfootnote=\count290
)

Package hyperref Message: Driver (autodetected): hpdftex.

(/usr/share/texlive/texmf-dist/tex/latex/hyperref/hpdftex.def
File: hpdftex.def 2017/03/14 v6.85a Hyperref driver for pdfTeX
\HyAnn@Count=\count291
\Fld@listcount=\count292
\c@bookmark@seq@number=\count293

(/usr/share/texlive/texmf-dist/tex/latex/oberdiek/rerunfilecheck.sty
Package: rerunfilecheck 2016/05/16 v1.8 Rerun checks for auxiliary files (HO)
Package uniquecounter Info: New unique counter `rerunfilecheck' on input line 2
82.
)
\Hy@SectionHShift=\skip123
)
(./larStruct.aux)
\openout1 = `larStruct.aux'.

LaTeX Font Info:    Checking defaults for OML/cmm/m/it on input line 15.
LaTeX Font Info:    ... okay on input line 15.
LaTeX Font Info:    Checking defaults for T1/cmr/m/n on input line 15.
LaTeX Font Info:    ... okay on input line 15.
LaTeX Font Info:    Checking defaults for OT1/cmr/m/n on input line 15.
LaTeX Font Info:    ... okay on input line 15.
LaTeX Font Info:    Checking defaults for OMS/cmsy/m/n on input line 15.
LaTeX Font Info:    ... okay on input line 15.
LaTeX Font Info:    Checking defaults for OMX/cmex/m/n on input line 15.
LaTeX Font Info:    ... okay on input line 15.
LaTeX Font Info:    Checking defaults for U/cmr/m/n on input line 15.
LaTeX Font Info:    ... okay on input line 15.
LaTeX Font Info:    Checking defaults for PD1/pdf/m/n on input line 15.
LaTeX Font Info:    ... okay on input line 15.

*geometry* driver: auto-detecting
*geometry* detected driver: pdftex
*geometry* verbose mode - [ preamble ] result:
* driver: pdftex
* paper: a4paper
* layout: <same size as paper>
* layoutoffset:(h,v)=(0.0pt,0.0pt)
* modes: 
* h-part:(L,W,R)=(56.9055pt, 483.69687pt, 56.9055pt)
* v-part:(T,H,B)=(101.40665pt, 591.5302pt, 152.11pt)
* \paperwidth=597.50787pt
* \paperheight=845.04684pt
* \textwidth=483.69687pt
* \textheight=591.5302pt
* \oddsidemargin=-15.36449pt
* \evensidemargin=-15.36449pt
* \topmargin=-7.86334pt
* \headheight=12.0pt
* \headsep=25.0pt
* \topskip=12.0pt
* \footskip=30.0pt
* \marginparwidth=35.0pt
* \marginparsep=10.0pt
* \columnsep=10.0pt
* \skip\footins=10.8pt plus 4.0pt minus 2.0pt
* \hoffset=0.0pt
* \voffset=0.0pt
* \mag=1000
* \@twocolumnfalse
* \@twosidefalse
* \@mparswitchfalse
* \@reversemarginfalse
* (1in=72.27pt=25.4mm, 1cm=28.453pt)

(/usr/share/texlive/texmf-dist/tex/context/base/mkii/supp-pdf.mkii
[Loading MPS to PDF converter (version 2006.09.02).]
\scratchcounter=\count294
\scratchdimen=\dimen171
\scratchbox=\box76
\nofMPsegments=\count295
\nofMParguments=\count296
\everyMPshowfont=\toks19
\MPscratchCnt=\count297
\MPscratchDim=\dimen172
\MPnumerator=\count298
\makeMPintoPDFobject=\count299
\everyMPtoPDFconversion=\toks20
) (/usr/share/texlive/texmf-dist/tex/latex/oberdiek/epstopdf-base.sty
Package: epstopdf-base 2016/05/15 v2.6 Base part for package epstopdf

(/usr/share/texlive/texmf-dist/tex/latex/oberdiek/grfext.sty
Package: grfext 2016/05/16 v1.2 Manage graphics extensions (HO)
)
Package epstopdf-base Info: Redefining graphics rule for `.eps' on input line 4
38.
Package grfext Info: Graphics extension search list:
(grfext)             [.pdf,.png,.jpg,.mps,.jpeg,.jbig2,.jb2,.PDF,.PNG,.JPG,.JPE
G,.JBIG2,.JB2,.eps]
(grfext)             \AppendGraphicsExtensions on input line 456.

(/usr/share/texlive/texmf-dist/tex/latex/latexconfig/epstopdf-sys.cfg
File: epstopdf-sys.cfg 2010/07/13 v1.3 Configuration of (r)epstopdf for TeX Liv
e
))
\c@lstlisting=\count300
\AtBeginShipoutBox=\box77
Package caption Info: Begin \AtBeginDocument code.
Package caption Info: subfig package v1.3 is loaded.
Package caption Info: hyperref package is loaded.
Package caption Info: End \AtBeginDocument code.
Package hyperref Info: Link coloring OFF on input line 15.

(/usr/share/texlive/texmf-dist/tex/latex/hyperref/nameref.sty
Package: nameref 2016/05/21 v2.44 Cross-referencing by name of section

(/usr/share/texlive/texmf-dist/tex/generic/oberdiek/gettitlestring.sty
Package: gettitlestring 2016/05/16 v1.5 Cleanup title references (HO)
)
\c@section@level=\count301
)
LaTeX Info: Redefining \ref on input line 15.
LaTeX Info: Redefining \pageref on input line 15.
LaTeX Info: Redefining \nameref on input line 15.

(./larStruct.out) (./larStruct.out)
\@outlinefile=\write4
\openout4 = `larStruct.out'.

LaTeX Font Info:    External font `cmex10' loaded for size
(Font)              <14.4> on input line 19.
LaTeX Font Info:    External font `cmex10' loaded for size
(Font)              <7> on input line 19.
 (./larStruct.toc
LaTeX Font Info:    External font `cmex10' loaded for size
(Font)              <12> on input line 5.
LaTeX Font Info:    External font `cmex10' loaded for size
(Font)              <8> on input line 5.
LaTeX Font Info:    External font `cmex10' loaded for size
(Font)              <6> on input line 5.
 [1

{/var/lib/texmf/fonts/map/pdftex/updmap/pdftex.map}])
\tf@toc=\write5
\openout5 = `larStruct.toc'.

 (./larStruct.lof [2])
\tf@lof=\write6
\openout6 = `larStruct.lof'.

 [3]
LaTeX Font Info:    Try loading font information for OMS+cmr on input line 30.

(/usr/share/texlive/texmf-dist/tex/latex/base/omscmr.fd
File: omscmr.fd 2014/09/29 v2.5h Standard LaTeX font definitions
)
LaTeX Font Info:    Font shape `OMS/cmr/m/n' in size <12> not available
(Font)              Font shape `OMS/cmsy/m/n' tried instead on input line 30.

Overfull \hbox (0.12616pt too wide) in paragraph at lines 32--33
[]\OT1/cmr/m/n/12 The \OT1/cmr/bx/n/12 struc-ture to LAR con-ver-sion \OT1/cmr/
m/n/12 is based on func-tions for em-bed-ding two-dimensional
 []

[4] [5]
<larStruct.png, id=351, 1233.60875pt x 545.03625pt>
File: larStruct.png Graphic file (type png)
<use larStruct.png>
Package pdftex.def Info: larStruct.png  used on input line 71. on input line 71
.
Package pdftex.def Info: Requested size: 616.80287pt x 272.51746pt on input lin
e 71.
 [6 <./larStruct.png>] [7] [8] [9] [10]
Overfull \hbox (9.798pt too wide) in paragraph at lines 230--233
[] 
 []


Overfull \hbox (27.42282pt too wide) in paragraph at lines 307--309
[][] 
 []

[11]
Overfull \hbox (9.798pt too wide) in paragraph at lines 333--335
[] 
 []

[12]
Overfull \hbox (9.798pt too wide) in paragraph at lines 431--432
[] 
 []

[13]
Overfull \hbox (9.798pt too wide) in paragraph at lines 483--484
[] 
 []

[14]
<larApplySerial.png, id=395, 3613.5pt x 2409.0pt>
File: larApplySerial.png Graphic file (type png)
<use larApplySerial.png>
Package pdftex.def Info: larApplySerial.png  used on input line 548. on input l
ine 548.
Package pdftex.def Info: Requested size: 216.80064pt x 144.53377pt on input lin
e 548.
<larApplyParallel.png, id=396, 3613.5pt x 2409.0pt>
File: larApplyParallel.png Graphic file (type png)
<use larApplyParallel.png>
Package pdftex.def Info: larApplyParallel.png  used on input line 551. on input
 line 551.
Package pdftex.def Info: Requested size: 216.80064pt x 144.53377pt on input lin
e 551.


LaTeX Warning: `!h' float specifier changed to `!ht'.


Overfull \hbox (9.798pt too wide) in paragraph at lines 555--556
[] 
 []

[15]
<larApplyC.png, id=401, 3613.5pt x 2409.0pt>
File: larApplyC.png Graphic file (type png)
<use larApplyC.png>
Package pdftex.def Info: larApplyC.png  used on input line 562. on input line 5
62.
Package pdftex.def Info: Requested size: 361.37117pt x 240.91411pt on input lin
e 562.
 [16 <./larApplySerial.png> <./larApplyParallel.png> <./larApplyC.png>]
[17] [18]
Overfull \hbox (9.798pt too wide) in paragraph at lines 701--702
[] 
 []

[19]
Overfull \hbox (9.798pt too wide) in paragraph at lines 721--722
[] 
 []

[20]
<box.png, id=426, 3613.5pt x 2409.0pt>
File: box.png Graphic file (type png)
<use box.png>
Package pdftex.def Info: box.png  used on input line 770. on input line 770.
Package pdftex.def Info: Requested size: 216.80064pt x 144.53377pt on input lin
e 770.
<pbox.png, id=427, 3613.5pt x 2409.0pt>
File: pbox.png Graphic file (type png)
<use pbox.png>
Package pdftex.def Info: pbox.png  used on input line 773. on input line 773.
Package pdftex.def Info: Requested size: 216.80064pt x 144.53377pt on input lin
e 773.

Overfull \hbox (9.798pt too wide) in paragraph at lines 777--778
[] 
 []

<compbox.png, id=428, 3613.5pt x 2409.0pt>
File: compbox.png Graphic file (type png)
<use compbox.png>
Package pdftex.def Info: compbox.png  used on input line 785. on input line 785
.
Package pdftex.def Info: Requested size: 361.37117pt x 240.91411pt on input lin
e 785.

LaTeX Warning: `!h' float specifier changed to `!ht'.

<boxSerial.png, id=429, 3613.5pt x 2409.0pt>
File: boxSerial.png Graphic file (type png)
<use boxSerial.png>
Package pdftex.def Info: boxSerial.png  used on input line 808. on input line 8
08.
Package pdftex.def Info: Requested size: 216.80064pt x 144.53377pt on input lin
e 808.
<boxParallel.png, id=430, 3613.5pt x 2409.0pt>
File: boxParallel.png Graphic file (type png)
<use boxParallel.png>
Package pdftex.def Info: boxParallel.png  used on input line 811. on input line
 811.
Package pdftex.def Info: Requested size: 216.80064pt x 144.53377pt on input lin
e 811.

LaTeX Warning: `!h' float specifier changed to `!ht'.


Overfull \hbox (9.798pt too wide) in paragraph at lines 815--816
[] 
 []

<boxC.png, id=431, 3613.5pt x 2409.0pt>
File: boxC.png Graphic file (type png)
<use boxC.png>
Package pdftex.def Info: boxC.png  used on input line 822. on input line 822.
Package pdftex.def Info: Requested size: 361.37117pt x 240.91411pt on input lin
e 822.

LaTeX Warning: `!h' float specifier changed to `!ht'.

[21 <./box.png> <./pbox.png>] [22 <./compbox.png> <./boxSerial.png> <./boxParal
lel.png>] [23 <./boxC.png>]
Overfull \hbox (9.798pt too wide) in paragraph at lines 889--890
[] 
 []


Overfull \hbox (9.798pt too wide) in paragraph at lines 900--901
[] 
 []

[24]
<traversal.png, id=453, 3613.5pt x 2409.0pt>
File: traversal.png Graphic file (type png)
<use traversal.png>
Package pdftex.def Info: traversal.png  used on input line 940. on input line 9
40.
Package pdftex.def Info: Requested size: 216.80064pt x 144.53377pt on input lin
e 940.
<ptraversal.png, id=454, 3613.5pt x 2409.0pt>
File: ptraversal.png Graphic file (type png)
<use ptraversal.png>
Package pdftex.def Info: ptraversal.png  used on input line 943. on input line 
943.
Package pdftex.def Info: Requested size: 216.80064pt x 144.53377pt on input lin
e 943.

Overfull \hbox (9.798pt too wide) in paragraph at lines 947--948
[] 
 []

<comptraversal.png, id=455, 3613.5pt x 2409.0pt>
File: comptraversal.png Graphic file (type png)
<use comptraversal.png>
Package pdftex.def Info: comptraversal.png  used on input line 955. on input li
ne 955.
Package pdftex.def Info: Requested size: 361.37117pt x 240.91411pt on input lin
e 955.

LaTeX Warning: `!h' float specifier changed to `!ht'.

[25 <./traversal.png> <./ptraversal.png>]
<traversalSerial.png, id=464, 3613.5pt x 2409.0pt>
File: traversalSerial.png Graphic file (type png)
<use traversalSerial.png>
Package pdftex.def Info: traversalSerial.png  used on input line 988. on input 
line 988.
Package pdftex.def Info: Requested size: 216.80064pt x 144.53377pt on input lin
e 988.
<traversalParallel.png, id=465, 3613.5pt x 2409.0pt>
File: traversalParallel.png Graphic file (type png)
<use traversalParallel.png>
Package pdftex.def Info: traversalParallel.png  used on input line 991. on inpu
t line 991.
Package pdftex.def Info: Requested size: 216.80064pt x 144.53377pt on input lin
e 991.


LaTeX Warning: `!h' float specifier changed to `!ht'.


Overfull \hbox (9.798pt too wide) in paragraph at lines 996--997
[] 
 []

[26 <./comptraversal.png>]
<traversalC.png, id=470, 3613.5pt x 2409.0pt>
File: traversalC.png Graphic file (type png)
<use traversalC.png>
Package pdftex.def Info: traversalC.png  used on input line 1003. on input line
 1003.
Package pdftex.def Info: Requested size: 361.37117pt x 240.91411pt on input lin
e 1003.
 [27 <./traversalSerial.png> <./traversalParallel.png> <./traversalC.png>]
Overfull \hbox (9.798pt too wide) in paragraph at lines 1013--1015
[] 
 []

[28] [29] [30] [31]
Overfull \hbox (9.798pt too wide) in paragraph at lines 1230--1231
[] 
 []


Overfull \hbox (9.798pt too wide) in paragraph at lines 1240--1241
[] 
 []

[32]
<struct.png, id=498, 3613.5pt x 2409.0pt>
File: struct.png Graphic file (type png)
<use struct.png>
Package pdftex.def Info: struct.png  used on input line 1279. on input line 127
9.
Package pdftex.def Info: Requested size: 216.80064pt x 144.53377pt on input lin
e 1279.
<pstruct.png, id=499, 3613.5pt x 2409.0pt>
File: pstruct.png Graphic file (type png)
<use pstruct.png>
Package pdftex.def Info: pstruct.png  used on input line 1282. on input line 12
82.
Package pdftex.def Info: Requested size: 216.80064pt x 144.53377pt on input lin
e 1282.

Overfull \hbox (27.42282pt too wide) in paragraph at lines 1286--1287
[][] 
 []

<compstruct.png, id=500, 3613.5pt x 2409.0pt>
File: compstruct.png Graphic file (type png)
<use compstruct.png>
Package pdftex.def Info: compstruct.png  used on input line 1294. on input line
 1294.
Package pdftex.def Info: Requested size: 361.37117pt x 240.91411pt on input lin
e 1294.

LaTeX Warning: `!h' float specifier changed to `!ht'.

[33 <./struct.png> <./pstruct.png>] [34 <./compstruct.png>] [35] [36]
Overfull \hbox (9.798pt too wide) in paragraph at lines 1436--1437
[] 
 []


Overfull \hbox (9.798pt too wide) in paragraph at lines 1451--1452
[] 
 []

[37]
<embedtraversal.png, id=524, 3613.5pt x 2409.0pt>
File: embedtraversal.png Graphic file (type png)
<use embedtraversal.png>
Package pdftex.def Info: embedtraversal.png  used on input line 1506. on input 
line 1506.
Package pdftex.def Info: Requested size: 216.80064pt x 144.53377pt on input lin
e 1506.
<pembedtraversal.png, id=525, 3613.5pt x 2409.0pt>
File: pembedtraversal.png Graphic file (type png)
<use pembedtraversal.png>
Package pdftex.def Info: pembedtraversal.png  used on input line 1509. on input
 line 1509.
Package pdftex.def Info: Requested size: 216.80064pt x 144.53377pt on input lin
e 1509.

Overfull \hbox (9.798pt too wide) in paragraph at lines 1513--1514
[] 
 []

[38 <./embedtraversal.png> <./pembedtraversal.png>]
<compembedtraversal.png, id=532, 3613.5pt x 2409.0pt>
File: compembedtraversal.png Graphic file (type png)
<use compembedtraversal.png>
Package pdftex.def Info: compembedtraversal.png  used on input line 1521. on in
put line 1521.
Package pdftex.def Info: Requested size: 361.37117pt x 240.91411pt on input lin
e 1521.
 [39 <./compembedtraversal.png>] [40]
Overfull \hbox (9.798pt too wide) in paragraph at lines 1582--1583
[] 
 []


Overfull \hbox (9.798pt too wide) in paragraph at lines 1594--1595
[] 
 []

[41]
<embedStruct.png, id=545, 3613.5pt x 2409.0pt>
File: embedStruct.png Graphic file (type png)
<use embedStruct.png>
Package pdftex.def Info: embedStruct.png  used on input line 1635. on input lin
e 1635.
Package pdftex.def Info: Requested size: 216.80064pt x 144.53377pt on input lin
e 1635.
<pembedstruct.png, id=546, 3613.5pt x 2409.0pt>
File: pembedstruct.png Graphic file (type png)
<use pembedstruct.png>
Package pdftex.def Info: pembedstruct.png  used on input line 1638. on input li
ne 1638.
Package pdftex.def Info: Requested size: 216.80064pt x 144.53377pt on input lin
e 1638.

Overfull \hbox (9.798pt too wide) in paragraph at lines 1642--1643
[] 
 []

<compembedStruct.png, id=547, 3613.5pt x 2409.0pt>
File: compembedStruct.png Graphic file (type png)
<use compembedStruct.png>
Package pdftex.def Info: compembedStruct.png  used on input line 1649. on input
 line 1649.
Package pdftex.def Info: Requested size: 361.37117pt x 240.91411pt on input lin
e 1649.

LaTeX Warning: `!h' float specifier changed to `!ht'.

[42 <./embedStruct.png> <./pembedstruct.png>] [43 <./compembedStruct.png>]
Overfull \hbox (9.798pt too wide) in paragraph at lines 1704--1705
[] 
 []


Overfull \hbox (9.798pt too wide) in paragraph at lines 1725--1726
[] 
 []

[44]
Overfull \hbox (9.798pt too wide) in paragraph at lines 1742--1744
[] 
 []


Overfull \hbox (9.798pt too wide) in paragraph at lines 1769--1771
[] 
 []

[45] [46] [47] [48]
Overfull \hbox (9.798pt too wide) in paragraph at lines 1987--1988
[] 
 []


Overfull \hbox (9.798pt too wide) in paragraph at lines 2007--2008
[] 
 []

[49]
<struct2lar.png, id=585, 3613.5pt x 2409.0pt>
File: struct2lar.png Graphic file (type png)
<use struct2lar.png>
Package pdftex.def Info: struct2lar.png  used on input line 2043. on input line
 2043.
Package pdftex.def Info: Requested size: 216.80064pt x 144.53377pt on input lin
e 2043.
<pstruct2lar.png, id=586, 3613.5pt x 2409.0pt>
File: pstruct2lar.png Graphic file (type png)
<use pstruct2lar.png>
Package pdftex.def Info: pstruct2lar.png  used on input line 2046. on input lin
e 2046.
Package pdftex.def Info: Requested size: 216.80064pt x 144.53377pt on input lin
e 2046.

Overfull \hbox (27.42282pt too wide) in paragraph at lines 2050--2051
[][] 
 []

<compstruct2lar.png, id=587, 3613.5pt x 2409.0pt>
File: compstruct2lar.png Graphic file (type png)
<use compstruct2lar.png>
Package pdftex.def Info: compstruct2lar.png  used on input line 2058. on input 
line 2058.
Package pdftex.def Info: Requested size: 361.37117pt x 240.91411pt on input lin
e 2058.

LaTeX Warning: `!h' float specifier changed to `!ht'.

<struct2larSerial.png, id=588, 3613.5pt x 2409.0pt>
File: struct2larSerial.png Graphic file (type png)
<use struct2larSerial.png>
Package pdftex.def Info: struct2larSerial.png  used on input line 2082. on inpu
t line 2082.
Package pdftex.def Info: Requested size: 216.80064pt x 144.53377pt on input lin
e 2082.
<struct2larParallel.png, id=589, 3613.5pt x 2409.0pt>
File: struct2larParallel.png Graphic file (type png)
<use struct2larParallel.png>
Package pdftex.def Info: struct2larParallel.png  used on input line 2085. on in
put line 2085.
Package pdftex.def Info: Requested size: 216.80064pt x 144.53377pt on input lin
e 2085.

LaTeX Warning: `!h' float specifier changed to `!ht'.


Overfull \hbox (27.42282pt too wide) in paragraph at lines 2088--2089
[][] 
 []

<struct2larC.png, id=590, 3613.5pt x 2409.0pt>
File: struct2larC.png Graphic file (type png)
<use struct2larC.png>
Package pdftex.def Info: struct2larC.png  used on input line 2095. on input lin
e 2095.
Package pdftex.def Info: Requested size: 361.37117pt x 240.91411pt on input lin
e 2095.

LaTeX Warning: `!h' float specifier changed to `!ht'.

[50 <./struct2lar.png> <./pstruct2lar.png>] [51 <./compstruct2lar.png> <./struc
t2larSerial.png> <./struct2larParallel.png>] [52 <./struct2larC.png>]
Overfull \hbox (9.798pt too wide) in paragraph at lines 2174--2175
[] 
 []


Overfull \hbox (9.798pt too wide) in paragraph at lines 2183--2184
[] 
 []

[53]
<larRemoveVertices.png, id=611, 3613.5pt x 2409.0pt>
File: larRemoveVertices.png Graphic file (type png)
<use larRemoveVertices.png>
Package pdftex.def Info: larRemoveVertices.png  used on input line 2209. on inp
ut line 2209.
Package pdftex.def Info: Requested size: 216.80064pt x 144.53377pt on input lin
e 2209.
<larRemoveVerticesParallel.png, id=612, 3613.5pt x 2409.0pt>
File: larRemoveVerticesParallel.png Graphic file (type png)
<use larRemoveVerticesParallel.png>
Package pdftex.def Info: larRemoveVerticesParallel.png  used on input line 2212
. on input line 2212.
Package pdftex.def Info: Requested size: 216.80064pt x 144.53377pt on input lin
e 2212.

Overfull \hbox (9.798pt too wide) in paragraph at lines 2215--2216
[] 
 []

<larRemoveVerticesC.png, id=613, 3613.5pt x 2409.0pt>
File: larRemoveVerticesC.png Graphic file (type png)
<use larRemoveVerticesC.png>
Package pdftex.def Info: larRemoveVerticesC.png  used on input line 2222. on in
put line 2222.
Package pdftex.def Info: Requested size: 361.37117pt x 240.91411pt on input lin
e 2222.

LaTeX Warning: `!h' float specifier changed to `!ht'.

[54 <./larRemoveVertices.png> <./larRemoveVerticesParallel.png>]
<tablewithchairs.png, id=620, 437.635pt x 398.48875pt>
File: tablewithchairs.png Graphic file (type png)
<use tablewithchairs.png>
Package pdftex.def Info: tablewithchairs.png  used on input line 2242. on input
 line 2242.
Package pdftex.def Info: Requested size: 218.81696pt x 199.24388pt on input lin
e 2242.


LaTeX Warning: `!h' float specifier changed to `!ht'.

[55 <./larRemoveVerticesC.png>]
Package atveryend Info: Empty hook `BeforeClearDocument' on input line 2258.
 [56 <./tablewithchairs.png>]
Package atveryend Info: Empty hook `AfterLastShipout' on input line 2258.
 (./larStruct.aux)
Package atveryend Info: Executing hook `AtVeryEndDocument' on input line 2258.
Package atveryend Info: Executing hook `AtEndAfterFileList' on input line 2258.

Package rerunfilecheck Info: File `larStruct.out' has not changed.
(rerunfilecheck)             Checksum: 2720ACE33795D8AEDD51D42858246AFF;3537.
 ) 
Here is how much of TeX's memory you used:
 18458 strings out of 494931
 329786 string characters out of 6180852
 428326 words of memory out of 5000000
 21422 multiletter control sequences out of 15000+600000
 535776 words of font info for 41 fonts, out of 8000000 for 9000
 14 hyphenation exceptions out of 8191
 44i,10n,49p,10417b,509s stack positions out of 5000i,500n,10000p,200000b,80000s
</usr/share/texlive/texmf-dist/fonts/type1/public/amsfonts/cm/cmbx12.pfb></us
r/share/texlive/texmf-dist/fonts/type1/public/amsfonts/cm/cmmi12.pfb></usr/shar
e/texlive/texmf-dist/fonts/type1/public/amsfonts/cm/cmr10.pfb></usr/share/texli
ve/texmf-dist/fonts/type1/public/amsfonts/cm/cmr12.pfb></usr/share/texlive/texm
f-dist/fonts/type1/public/amsfonts/cm/cmr17.pfb></usr/share/texlive/texmf-dist/
fonts/type1/public/amsfonts/cm/cmsy10.pfb></usr/share/texlive/texmf-dist/fonts/
type1/public/amsfonts/cm/cmtt10.pfb></usr/share/texlive/texmf-dist/fonts/type1/
public/amsfonts/cm/cmtt8.pfb>
Output written on larStruct.pdf (56 pages, 4259513 bytes).
PDF statistics:
 701 PDF objects out of 1000 (max. 8388607)
 592 compressed objects within 6 object streams
 161 named destinations out of 1000 (max. 500000)
 608 words of extra memory for PDF output out of 10000 (max. 10000000)

