\BOOKMARK [1][-]{section*.3}{Introduction}{}% 1
\BOOKMARK [1][-]{section.1}{API}{}% 2
\BOOKMARK [1][-]{section.2}{Implementation}{}% 3
\BOOKMARK [2][-]{subsection.2.1}{checkStruct}{section.2}% 4
\BOOKMARK [3][-]{subsubsection.2.1.1}{Conversion}{subsection.2.1}% 5
\BOOKMARK [3][-]{subsubsection.2.1.2}{Parallelization}{subsection.2.1}% 6
\BOOKMARK [3][-]{subsubsection.2.1.3}{Unit-Test}{subsection.2.1}% 7
\BOOKMARK [2][-]{subsection.2.2}{larApply}{section.2}% 8
\BOOKMARK [3][-]{subsubsection.2.2.1}{Conversion}{subsection.2.2}% 9
\BOOKMARK [3][-]{subsubsection.2.2.2}{Parallelization}{subsection.2.2}% 10
\BOOKMARK [3][-]{subsubsection.2.2.3}{Unit-Test}{subsection.2.2}% 11
\BOOKMARK [3][-]{subsubsection.2.2.4}{Results}{subsection.2.2}% 12
\BOOKMARK [2][-]{subsection.2.3}{box}{section.2}% 13
\BOOKMARK [3][-]{subsubsection.2.3.1}{Conversion}{subsection.2.3}% 14
\BOOKMARK [3][-]{subsubsection.2.3.2}{Parallelization}{subsection.2.3}% 15
\BOOKMARK [3][-]{subsubsection.2.3.3}{Unit-Test}{subsection.2.3}% 16
\BOOKMARK [3][-]{subsubsection.2.3.4}{Results}{subsection.2.3}% 17
\BOOKMARK [2][-]{subsection.2.4}{traversal}{section.2}% 18
\BOOKMARK [3][-]{subsubsection.2.4.1}{Conversion}{subsection.2.4}% 19
\BOOKMARK [3][-]{subsubsection.2.4.2}{Parallelization}{subsection.2.4}% 20
\BOOKMARK [3][-]{subsubsection.2.4.3}{Unit-Test}{subsection.2.4}% 21
\BOOKMARK [3][-]{subsubsection.2.4.4}{Results}{subsection.2.4}% 22
\BOOKMARK [2][-]{subsection.2.5}{Struct}{section.2}% 23
\BOOKMARK [3][-]{subsubsection.2.5.1}{Conversion}{subsection.2.5}% 24
\BOOKMARK [3][-]{subsubsection.2.5.2}{Parallelization}{subsection.2.5}% 25
\BOOKMARK [3][-]{subsubsection.2.5.3}{Unit-Test}{subsection.2.5}% 26
\BOOKMARK [3][-]{subsubsection.2.5.4}{Results}{subsection.2.5}% 27
\BOOKMARK [2][-]{subsection.2.6}{embedTraversal}{section.2}% 28
\BOOKMARK [3][-]{subsubsection.2.6.1}{Conversion}{subsection.2.6}% 29
\BOOKMARK [3][-]{subsubsection.2.6.2}{Parallelization}{subsection.2.6}% 30
\BOOKMARK [3][-]{subsubsection.2.6.3}{Unit-Test}{subsection.2.6}% 31
\BOOKMARK [3][-]{subsubsection.2.6.4}{Results}{subsection.2.6}% 32
\BOOKMARK [2][-]{subsection.2.7}{embedStruct}{section.2}% 33
\BOOKMARK [3][-]{subsubsection.2.7.1}{Conversion}{subsection.2.7}% 34
\BOOKMARK [3][-]{subsubsection.2.7.2}{Parallelization}{subsection.2.7}% 35
\BOOKMARK [3][-]{subsubsection.2.7.3}{Unit-Test}{subsection.2.7}% 36
\BOOKMARK [3][-]{subsubsection.2.7.4}{Results}{subsection.2.7}% 37
\BOOKMARK [2][-]{subsection.2.8}{removeDups}{section.2}% 38
\BOOKMARK [3][-]{subsubsection.2.8.1}{Conversion}{subsection.2.8}% 39
\BOOKMARK [3][-]{subsubsection.2.8.2}{Parallelization}{subsection.2.8}% 40
\BOOKMARK [3][-]{subsubsection.2.8.3}{Unit-Test}{subsection.2.8}% 41
\BOOKMARK [2][-]{subsection.2.9}{struct2lar}{section.2}% 42
\BOOKMARK [3][-]{subsubsection.2.9.1}{Conversion}{subsection.2.9}% 43
\BOOKMARK [3][-]{subsubsection.2.9.2}{Parallelization}{subsection.2.9}% 44
\BOOKMARK [3][-]{subsubsection.2.9.3}{Unit-Test}{subsection.2.9}% 45
\BOOKMARK [3][-]{subsubsection.2.9.4}{Results}{subsection.2.9}% 46
\BOOKMARK [2][-]{subsection.2.10}{larRemoveVertices}{section.2}% 47
\BOOKMARK [3][-]{subsubsection.2.10.1}{Conversion}{subsection.2.10}% 48
\BOOKMARK [3][-]{subsubsection.2.10.2}{Parallelization}{subsection.2.10}% 49
\BOOKMARK [3][-]{subsubsection.2.10.3}{Unit-Test}{subsection.2.10}% 50
\BOOKMARK [2][-]{subsection.2.11}{Result}{section.2}% 51
\BOOKMARK [1][-]{section.3}{Examples}{}% 52
\BOOKMARK [1][-]{section.4}{Conclusion}{}% 53
\BOOKMARK [1][-]{section.4}{References}{}% 54
