This is pdfTeX, Version 3.14159265-2.6-1.40.18 (TeX Live 2017/Debian) (preloaded format=pdflatex 2018.6.19)  19 JUN 2018 18:27
entering extended mode
 restricted \write18 enabled.
 %&-line parsing enabled.
**larStruct.tex
(./larStruct.tex
LaTeX2e <2017-04-15>
Babel <3.12> and hyphenation patterns for 84 language(s) loaded.
(/usr/share/texlive/texmf-dist/tex/latex/base/article.cls
Document Class: article 2014/09/29 v1.4h Standard LaTeX document class
(/usr/share/texlive/texmf-dist/tex/latex/base/size12.clo
File: size12.clo 2014/09/29 v1.4h Standard LaTeX file (size option)
)
\c@part=\count79
\c@section=\count80
\c@subsection=\count81
\c@subsubsection=\count82
\c@paragraph=\count83
\c@subparagraph=\count84
\c@figure=\count85
\c@table=\count86
\abovecaptionskip=\skip41
\belowcaptionskip=\skip42
\bibindent=\dimen102
)
(/usr/share/texlive/texmf-dist/tex/latex/geometry/geometry.sty
Package: geometry 2010/09/12 v5.6 Page Geometry

(/usr/share/texlive/texmf-dist/tex/latex/graphics/keyval.sty
Package: keyval 2014/10/28 v1.15 key=value parser (DPC)
\KV@toks@=\toks14
)
(/usr/share/texlive/texmf-dist/tex/generic/oberdiek/ifpdf.sty
Package: ifpdf 2017/03/15 v3.2 Provides the ifpdf switch
)
(/usr/share/texlive/texmf-dist/tex/generic/oberdiek/ifvtex.sty
Package: ifvtex 2016/05/16 v1.6 Detect VTeX and its facilities (HO)
Package ifvtex Info: VTeX not detected.
)
(/usr/share/texlive/texmf-dist/tex/generic/ifxetex/ifxetex.sty
Package: ifxetex 2010/09/12 v0.6 Provides ifxetex conditional
)
\Gm@cnth=\count87
\Gm@cntv=\count88
\c@Gm@tempcnt=\count89
\Gm@bindingoffset=\dimen103
\Gm@wd@mp=\dimen104
\Gm@odd@mp=\dimen105
\Gm@even@mp=\dimen106
\Gm@layoutwidth=\dimen107
\Gm@layoutheight=\dimen108
\Gm@layouthoffset=\dimen109
\Gm@layoutvoffset=\dimen110
\Gm@dimlist=\toks15
)
(/usr/share/texlive/texmf-dist/tex/generic/babel/babel.sty
Package: babel 2017/06/29 3.12 The Babel package

(/usr/share/texlive/texmf-dist/tex/generic/babel/switch.def
File: switch.def 2017/06/29 3.12 Babel switching mechanism
)
(/usr/share/texlive/texmf-dist/tex/generic/babel-english/english.ldf
Language: english 2017/06/06 v3.3r English support from the babel system

(/usr/share/texlive/texmf-dist/tex/generic/babel/babel.def
File: babel.def 2017/06/29 3.12 Babel common definitions

(/usr/share/texlive/texmf-dist/tex/generic/babel/switch.def
File: switch.def 2017/06/29 3.12 Babel switching mechanism
)
\babel@savecnt=\count90
\U@D=\dimen111
)
\l@canadian = a dialect from \language\l@american 
\l@australian = a dialect from \language\l@british 
\l@newzealand = a dialect from \language\l@british 
))
(/usr/share/texlive/texmf-dist/tex/latex/base/inputenc.sty
Package: inputenc 2015/03/17 v1.2c Input encoding file
\inpenc@prehook=\toks16
\inpenc@posthook=\toks17

(/usr/share/texlive/texmf-dist/tex/latex/base/latin1.def
File: latin1.def 2015/03/17 v1.2c Input encoding file
))
(/usr/share/texlive/texmf-dist/tex/latex/graphics/graphicx.sty
Package: graphicx 2017/06/01 v1.1a Enhanced LaTeX Graphics (DPC,SPQR)

(/usr/share/texlive/texmf-dist/tex/latex/graphics/graphics.sty
Package: graphics 2017/06/25 v1.2c Standard LaTeX Graphics (DPC,SPQR)

(/usr/share/texlive/texmf-dist/tex/latex/graphics/trig.sty
Package: trig 2016/01/03 v1.10 sin cos tan (DPC)
)
(/usr/share/texlive/texmf-dist/tex/latex/graphics-cfg/graphics.cfg
File: graphics.cfg 2016/06/04 v1.11 sample graphics configuration
)
Package graphics Info: Driver file: pdftex.def on input line 99.

(/usr/share/texlive/texmf-dist/tex/latex/graphics-def/pdftex.def
File: pdftex.def 2017/06/24 v1.0g Graphics/color driver for pdftex
))
\Gin@req@height=\dimen112
\Gin@req@width=\dimen113
)
(/usr/share/texlive/texmf-dist/tex/latex/listings/listings.sty
\lst@mode=\count91
\lst@gtempboxa=\box26
\lst@token=\toks18
\lst@length=\count92
\lst@currlwidth=\dimen114
\lst@column=\count93
\lst@pos=\count94
\lst@lostspace=\dimen115
\lst@width=\dimen116
\lst@newlines=\count95
\lst@lineno=\count96
\lst@maxwidth=\dimen117

(/usr/share/texlive/texmf-dist/tex/latex/listings/lstmisc.sty
File: lstmisc.sty 2015/06/04 1.6 (Carsten Heinz)
\lst@fmtcurrindent=\dimen118
\lst@newlinesensured=\count97
\c@lstnumber=\count98
\lst@skipnumbers=\count99
\lst@framebox=\box27
)
(/usr/share/texlive/texmf-dist/tex/latex/listings/listings.cfg
File: listings.cfg 2015/06/04 1.6 listings configuration
))
Package: listings 2015/06/04 1.6 (Carsten Heinz)

(/usr/share/texlive/texmf-dist/tex/latex/fancyvrb/fancyvrb.sty
Package: fancyvrb 2008/02/07

Style option: `fancyvrb' v2.7a, with DG/SPQR fixes, and firstline=lastline fix 
<2008/02/07> (tvz)
\FV@CodeLineNo=\count100
\FV@InFile=\read1
\FV@TabBox=\box28
\c@FancyVerbLine=\count101
\FV@StepNumber=\count102
\FV@OutFile=\write3
) (/usr/share/texlive/texmf-dist/tex/latex/tools/multicol.sty
Package: multicol 2017/04/11 v1.8q multicolumn formatting (FMi)
\c@tracingmulticols=\count103
\mult@box=\box29
\multicol@leftmargin=\dimen119
\c@unbalance=\count104
\c@collectmore=\count105
\doublecol@number=\count106
\multicoltolerance=\count107
\multicolpretolerance=\count108
\full@width=\dimen120
\page@free=\dimen121
\premulticols=\dimen122
\postmulticols=\dimen123
\multicolsep=\skip43
\multicolbaselineskip=\skip44
\partial@page=\box30
\last@line=\box31
\maxbalancingoverflow=\dimen124
\mult@rightbox=\box32
\mult@grightbox=\box33
\mult@gfirstbox=\box34
\mult@firstbox=\box35
\@tempa=\box36
\@tempa=\box37
\@tempa=\box38
\@tempa=\box39
\@tempa=\box40
\@tempa=\box41
\@tempa=\box42
\@tempa=\box43
\@tempa=\box44
\@tempa=\box45
\@tempa=\box46
\@tempa=\box47
\@tempa=\box48
\@tempa=\box49
\@tempa=\box50
\@tempa=\box51
\@tempa=\box52
\c@columnbadness=\count109
\c@finalcolumnbadness=\count110
\last@try=\dimen125
\multicolovershoot=\dimen126
\multicolundershoot=\dimen127
\mult@nat@firstbox=\box53
\colbreak@box=\box54
\mc@col@check@num=\count111
) (/home/alessia/texmf/tex/latex/mdframed/mdframed.sty
Package: mdframed 2013/07/01 1.9b: mdframed

(/usr/share/texlive/texmf-dist/tex/latex/oberdiek/kvoptions.sty
Package: kvoptions 2016/05/16 v3.12 Key value format for package options (HO)

(/usr/share/texlive/texmf-dist/tex/generic/oberdiek/ltxcmds.sty
Package: ltxcmds 2016/05/16 v1.23 LaTeX kernel commands for general use (HO)
)
(/usr/share/texlive/texmf-dist/tex/generic/oberdiek/kvsetkeys.sty
Package: kvsetkeys 2016/05/16 v1.17 Key value parser (HO)

(/usr/share/texlive/texmf-dist/tex/generic/oberdiek/infwarerr.sty
Package: infwarerr 2016/05/16 v1.4 Providing info/warning/error messages (HO)
)
(/usr/share/texlive/texmf-dist/tex/generic/oberdiek/etexcmds.sty
Package: etexcmds 2016/05/16 v1.6 Avoid name clashes with e-TeX commands (HO)

(/usr/share/texlive/texmf-dist/tex/generic/oberdiek/ifluatex.sty
Package: ifluatex 2016/05/16 v1.4 Provides the ifluatex switch (HO)
Package ifluatex Info: LuaTeX not detected.
)
Package etexcmds Info: Could not find \expanded.
(etexcmds)             That can mean that you are not using pdfTeX 1.50 or
(etexcmds)             that some package has redefined \expanded.
(etexcmds)             In the latter case, load this package earlier.
)))
(/usr/share/texlive/texmf-dist/tex/latex/l3packages/xparse/xparse.sty
(/usr/share/texlive/texmf-dist/tex/latex/l3kernel/expl3.sty
Package: expl3 2017/07/19 L3 programming layer (loader) 

(/usr/share/texlive/texmf-dist/tex/latex/l3kernel/expl3-code.tex
Package: expl3 2017/07/19 L3 programming layer (code)
\c_max_int=\count112
\l_tmpa_int=\count113
\l_tmpb_int=\count114
\g_tmpa_int=\count115
\g_tmpb_int=\count116
\g__intarray_font_int=\count117
\g__prg_map_int=\count118
\c_log_iow=\count119
\l_iow_line_count_int=\count120
\l__iow_line_target_int=\count121
\l__iow_one_indent_int=\count122
\l__iow_indent_int=\count123
\c_zero_dim=\dimen128
\c_max_dim=\dimen129
\l_tmpa_dim=\dimen130
\l_tmpb_dim=\dimen131
\g_tmpa_dim=\dimen132
\g_tmpb_dim=\dimen133
\c_zero_skip=\skip45
\c_max_skip=\skip46
\l_tmpa_skip=\skip47
\l_tmpb_skip=\skip48
\g_tmpa_skip=\skip49
\g_tmpb_skip=\skip50
\c_zero_muskip=\muskip10
\c_max_muskip=\muskip11
\l_tmpa_muskip=\muskip12
\l_tmpb_muskip=\muskip13
\g_tmpa_muskip=\muskip14
\g_tmpb_muskip=\muskip15
\l_keys_choice_int=\count124
\c__fp_leading_shift_int=\count125
\c__fp_middle_shift_int=\count126
\c__fp_trailing_shift_int=\count127
\c__fp_big_leading_shift_int=\count128
\c__fp_big_middle_shift_int=\count129
\c__fp_big_trailing_shift_int=\count130
\c__fp_Bigg_leading_shift_int=\count131
\c__fp_Bigg_middle_shift_int=\count132
\c__fp_Bigg_trailing_shift_int=\count133
\c__fp_rand_size_int=\count134
\c__fp_rand_four_int=\count135
\c__fp_rand_eight_int=\count136
\l__sort_length_int=\count137
\l__sort_min_int=\count138
\l__sort_top_int=\count139
\l__sort_max_int=\count140
\l__sort_true_max_int=\count141
\l__sort_block_int=\count142
\l__sort_begin_int=\count143
\l__sort_end_int=\count144
\l__sort_A_int=\count145
\l__sort_B_int=\count146
\l__sort_C_int=\count147
\l__tl_build_start_index_int=\count148
\l__tl_build_index_int=\count149
\l__tl_analysis_normal_int=\count150
\l__tl_analysis_index_int=\count151
\l__tl_analysis_nesting_int=\count152
\l__tl_analysis_type_int=\count153
\l__regex_internal_a_int=\count154
\l__regex_internal_b_int=\count155
\l__regex_internal_c_int=\count156
\l__regex_balance_int=\count157
\l__regex_group_level_int=\count158
\l__regex_mode_int=\count159
\c__regex_cs_in_class_mode_int=\count160
\c__regex_cs_mode_int=\count161
\l__regex_catcodes_int=\count162
\l__regex_default_catcodes_int=\count163
\c__regex_catcode_D_int=\count164
\c__regex_catcode_S_int=\count165
\c__regex_catcode_L_int=\count166
\c__regex_catcode_O_int=\count167
\c__regex_catcode_A_int=\count168
\c__regex_all_catcodes_int=\count169
\l__regex_show_lines_int=\count170
\l__regex_min_state_int=\count171
\l__regex_max_state_int=\count172
\l__regex_left_state_int=\count173
\l__regex_right_state_int=\count174
\l__regex_capturing_group_int=\count175
\l__regex_min_pos_int=\count176
\l__regex_max_pos_int=\count177
\l__regex_curr_pos_int=\count178
\l__regex_start_pos_int=\count179
\l__regex_success_pos_int=\count180
\l__regex_curr_char_int=\count181
\l__regex_curr_catcode_int=\count182
\l__regex_last_char_int=\count183
\l__regex_case_changed_char_int=\count184
\l__regex_curr_state_int=\count185
\l__regex_step_int=\count186
\l__regex_min_active_int=\count187
\l__regex_max_active_int=\count188
\l__regex_replacement_csnames_int=\count189
\l__regex_match_count_int=\count190
\l__regex_min_submatch_int=\count191
\l__regex_submatch_int=\count192
\l__regex_zeroth_submatch_int=\count193
\g__debug_trace_regex_int=\count194
\c_empty_box=\box55
\l_tmpa_box=\box56
\l_tmpb_box=\box57
\g_tmpa_box=\box58
\g_tmpb_box=\box59
\l__box_top_dim=\dimen134
\l__box_bottom_dim=\dimen135
\l__box_left_dim=\dimen136
\l__box_right_dim=\dimen137
\l__box_top_new_dim=\dimen138
\l__box_bottom_new_dim=\dimen139
\l__box_left_new_dim=\dimen140
\l__box_right_new_dim=\dimen141
\l__box_internal_box=\box60
\l__coffin_internal_box=\box61
\l__coffin_internal_dim=\dimen142
\l__coffin_offset_x_dim=\dimen143
\l__coffin_offset_y_dim=\dimen144
\l__coffin_x_dim=\dimen145
\l__coffin_y_dim=\dimen146
\l__coffin_x_prime_dim=\dimen147
\l__coffin_y_prime_dim=\dimen148
\c_empty_coffin=\box62
\l__coffin_aligned_coffin=\box63
\l__coffin_aligned_internal_coffin=\box64
\l_tmpa_coffin=\box65
\l_tmpb_coffin=\box66
\l__coffin_display_coffin=\box67
\l__coffin_display_coord_coffin=\box68
\l__coffin_display_pole_coffin=\box69
\l__coffin_display_offset_dim=\dimen149
\l__coffin_display_x_dim=\dimen150
\l__coffin_display_y_dim=\dimen151
\l__coffin_bounding_shift_dim=\dimen152
\l__coffin_left_corner_dim=\dimen153
\l__coffin_right_corner_dim=\dimen154
\l__coffin_bottom_corner_dim=\dimen155
\l__coffin_top_corner_dim=\dimen156
\l__coffin_scaled_total_height_dim=\dimen157
\l__coffin_scaled_width_dim=\dimen158
)
(/usr/share/texlive/texmf-dist/tex/latex/l3kernel/l3pdfmode.def
File: l3pdfmode.def 2017/03/18 v L3 Experimental driver: PDF mode
\l__driver_color_stack_int=\count195
\l__driver_tmp_box=\box70
))
Package: xparse 2017/07/19 L3 Experimental document command parser
\l__xparse_current_arg_int=\count196
\g__xparse_grabber_int=\count197
\l__xparse_m_args_int=\count198
\l__xparse_mandatory_args_int=\count199
\l__xparse_v_nesting_int=\count266
)
(/home/alessia/texmf/tex/latex/etoolbox/etoolbox.sty
Package: etoolbox 2018/02/11 v2.5e e-TeX tools for LaTeX (JAW)
\etb@tempcnta=\count267
)
(/usr/share/texlive/texmf-dist/tex/latex/oberdiek/zref-abspage.sty
Package: zref-abspage 2016/05/21 v2.26 Module abspage for zref (HO)

(/usr/share/texlive/texmf-dist/tex/latex/oberdiek/zref-base.sty
Package: zref-base 2016/05/21 v2.26 Module base for zref (HO)

(/usr/share/texlive/texmf-dist/tex/generic/oberdiek/kvdefinekeys.sty
Package: kvdefinekeys 2016/05/16 v1.4 Define keys (HO)
)
(/usr/share/texlive/texmf-dist/tex/generic/oberdiek/pdftexcmds.sty
Package: pdftexcmds 2017/03/19 v0.25 Utility functions of pdfTeX for LuaTeX (HO
)
Package pdftexcmds Info: LuaTeX not detected.
Package pdftexcmds Info: \pdf@primitive is available.
Package pdftexcmds Info: \pdf@ifprimitive is available.
Package pdftexcmds Info: \pdfdraftmode found.
)
(/usr/share/texlive/texmf-dist/tex/latex/oberdiek/auxhook.sty
Package: auxhook 2016/05/16 v1.4 Hooks for auxiliary files (HO)
)
Package zref Info: New property list: main on input line 759.
Package zref Info: New property: default on input line 760.
Package zref Info: New property: page on input line 761.
)
(/usr/share/texlive/texmf-dist/tex/generic/oberdiek/atbegshi.sty
Package: atbegshi 2016/06/09 v1.18 At begin shipout hook (HO)
)
\c@abspage=\count268
Package zref Info: New property: abspage on input line 62.
)
(/usr/share/texlive/texmf-dist/tex/latex/needspace/needspace.sty
Package: needspace 2010/09/12 v1.3d reserve vertical space
)
(/usr/share/texlive/texmf-dist/tex/latex/graphics/color.sty
Package: color 2016/07/10 v1.1e Standard LaTeX Color (DPC)

(/usr/share/texlive/texmf-dist/tex/latex/graphics-cfg/color.cfg
File: color.cfg 2016/01/02 v1.6 sample color configuration
)
Package color Info: Driver file: pdftex.def on input line 147.
)
\mdf@templength=\skip51
\c@mdf@globalstyle@cnt=\count269
\mdf@skipabove@length=\skip52
\mdf@skipbelow@length=\skip53
\mdf@leftmargin@length=\skip54
\mdf@rightmargin@length=\skip55
\mdf@innerleftmargin@length=\skip56
\mdf@innerrightmargin@length=\skip57
\mdf@innertopmargin@length=\skip58
\mdf@innerbottommargin@length=\skip59
\mdf@splittopskip@length=\skip60
\mdf@splitbottomskip@length=\skip61
\mdf@outermargin@length=\skip62
\mdf@innermargin@length=\skip63
\mdf@linewidth@length=\skip64
\mdf@innerlinewidth@length=\skip65
\mdf@middlelinewidth@length=\skip66
\mdf@outerlinewidth@length=\skip67
\mdf@roundcorner@length=\skip68
\mdf@footenotedistance@length=\skip69
\mdf@userdefinedwidth@length=\skip70
\mdf@needspace@length=\skip71
\mdf@frametitleaboveskip@length=\skip72
\mdf@frametitlebelowskip@length=\skip73
\mdf@frametitlerulewidth@length=\skip74
\mdf@frametitleleftmargin@length=\skip75
\mdf@frametitlerightmargin@length=\skip76
\mdf@shadowsize@length=\skip77
\mdf@extratopheight@length=\skip78
\mdf@subtitleabovelinewidth@length=\skip79
\mdf@subtitlebelowlinewidth@length=\skip80
\mdf@subtitleaboveskip@length=\skip81
\mdf@subtitlebelowskip@length=\skip82
\mdf@subtitleinneraboveskip@length=\skip83
\mdf@subtitleinnerbelowskip@length=\skip84
\mdf@subsubtitleabovelinewidth@length=\skip85
\mdf@subsubtitlebelowlinewidth@length=\skip86
\mdf@subsubtitleaboveskip@length=\skip87
\mdf@subsubtitlebelowskip@length=\skip88
\mdf@subsubtitleinneraboveskip@length=\skip89
\mdf@subsubtitleinnerbelowskip@length=\skip90

(/home/alessia/texmf/tex/latex/mdframed/md-frame-0.mdf
File: md-frame-0.mdf 2013/07/01\ 1.9b: md-frame-0
)
\mdf@frametitlebox=\box71
\mdf@footnotebox=\box72
\mdf@splitbox@one=\box73
\mdf@splitbox@two=\box74
\mdf@splitbox@save=\box75
\mdfsplitboxwidth=\skip91
\mdfsplitboxtotalwidth=\skip92
\mdfsplitboxheight=\skip93
\mdfsplitboxdepth=\skip94
\mdfsplitboxtotalheight=\skip95
\mdfframetitleboxwidth=\skip96
\mdfframetitleboxtotalwidth=\skip97
\mdfframetitleboxheight=\skip98
\mdfframetitleboxdepth=\skip99
\mdfframetitleboxtotalheight=\skip100
\mdffootnoteboxwidth=\skip101
\mdffootnoteboxtotalwidth=\skip102
\mdffootnoteboxheight=\skip103
\mdffootnoteboxdepth=\skip104
\mdffootnoteboxtotalheight=\skip105
\mdftotallinewidth=\skip106
\mdfboundingboxwidth=\skip107
\mdfboundingboxtotalwidth=\skip108
\mdfboundingboxheight=\skip109
\mdfboundingboxdepth=\skip110
\mdfboundingboxtotalheight=\skip111
\mdf@freevspace@length=\skip112
\mdf@horizontalwidthofbox@length=\skip113
\mdf@verticalmarginwhole@length=\skip114
\mdf@horizontalspaceofbox=\skip115
\mdfsubtitleheight=\skip116
\mdfsubsubtitleheight=\skip117
\c@mdfcountframes=\count270

****** mdframed patching \endmdf@trivlist

****** -- success******

.................................................
. LaTeX info: "xparse/define-command"
. 
. Defining command \newmdtheoremenv with sig. 'O{} m o m o ' on line 601.
.................................................
.................................................
. LaTeX info: "xparse/define-command"
. 
. Defining command \mdtheorem with sig. ' O{} m o m o ' on line 701.
.................................................
\mdf@envdepth=\count271
\c@mdf@env@i=\count272
\c@mdf@env@ii=\count273
\c@mdf@zref@counter=\count274
Package zref Info: New property: mdf@pagevalue on input line 895.
)
(/home/alessia/texmf/tex/latex/subfig/subfig.sty
Package: subfig 2005/06/28 ver: 1.3 subfig package

(/usr/share/texlive/texmf-dist/tex/latex/caption/caption.sty
Package: caption 2016/02/21 v3.3-144 Customizing captions (AR)

(/usr/share/texlive/texmf-dist/tex/latex/caption/caption3.sty
Package: caption3 2016/05/22 v1.7-166 caption3 kernel (AR)
Package caption3 Info: TeX engine: e-TeX on input line 67.
\captionmargin=\dimen159
\captionmargin@=\dimen160
\captionwidth=\dimen161
\caption@tempdima=\dimen162
\caption@indent=\dimen163
\caption@parindent=\dimen164
\caption@hangindent=\dimen165
)
\c@ContinuedFloat=\count275
Package caption Info: listings package is loaded.
)
\c@KVtest=\count276
\sf@farskip=\skip118
\sf@captopadj=\dimen166
\sf@capskip=\skip119
\sf@nearskip=\skip120
\c@subfigure=\count277
\c@subfigure@save=\count278
\c@lofdepth=\count279
\c@subtable=\count280
\c@subtable@save=\count281
\c@lotdepth=\count282
\sf@top=\skip121
\sf@bottom=\skip122
)
(/usr/share/texlive/texmf-dist/tex/latex/upquote/upquote.sty
Package: upquote 2012/04/19 v1.3 upright-quote and grave-accent glyphs in verba
tim
)
(/usr/share/texlive/texmf-dist/tex/latex/hyperref/hyperref.sty
Package: hyperref 2017/03/14 v6.85a Hypertext links for LaTeX

(/usr/share/texlive/texmf-dist/tex/generic/oberdiek/hobsub-hyperref.sty
Package: hobsub-hyperref 2016/05/16 v1.14 Bundle oberdiek, subset hyperref (HO)


(/usr/share/texlive/texmf-dist/tex/generic/oberdiek/hobsub-generic.sty
Package: hobsub-generic 2016/05/16 v1.14 Bundle oberdiek, subset generic (HO)
Package: hobsub 2016/05/16 v1.14 Construct package bundles (HO)
Package hobsub Info: Skipping package `infwarerr' (already loaded).
Package hobsub Info: Skipping package `ltxcmds' (already loaded).
Package hobsub Info: Skipping package `ifluatex' (already loaded).
Package hobsub Info: Skipping package `ifvtex' (already loaded).
Package: intcalc 2016/05/16 v1.2 Expandable calculations with integers (HO)
Package hobsub Info: Skipping package `ifpdf' (already loaded).
Package hobsub Info: Skipping package `etexcmds' (already loaded).
Package hobsub Info: Skipping package `kvsetkeys' (already loaded).
Package hobsub Info: Skipping package `kvdefinekeys' (already loaded).
Package hobsub Info: Skipping package `pdftexcmds' (already loaded).
Package: pdfescape 2016/05/16 v1.14 Implements pdfTeX's escape features (HO)
Package: bigintcalc 2016/05/16 v1.4 Expandable calculations on big integers (HO
)
Package: bitset 2016/05/16 v1.2 Handle bit-vector datatype (HO)
Package: uniquecounter 2016/05/16 v1.3 Provide unlimited unique counter (HO)
)
Package hobsub Info: Skipping package `hobsub' (already loaded).
Package: letltxmacro 2016/05/16 v1.5 Let assignment for LaTeX macros (HO)
Package: hopatch 2016/05/16 v1.3 Wrapper for package hooks (HO)
Package: xcolor-patch 2016/05/16 xcolor patch
Package: atveryend 2016/05/16 v1.9 Hooks at the very end of document (HO)
Package hobsub Info: Skipping package `atbegshi' (already loaded).
Package: refcount 2016/05/16 v3.5 Data extraction from label references (HO)
Package: hycolor 2016/05/16 v1.8 Color options for hyperref/bookmark (HO)
)
\@linkdim=\dimen167
\Hy@linkcounter=\count283
\Hy@pagecounter=\count284

(/usr/share/texlive/texmf-dist/tex/latex/hyperref/pd1enc.def
File: pd1enc.def 2017/03/14 v6.85a Hyperref: PDFDocEncoding definition (HO)
)
\Hy@SavedSpaceFactor=\count285

(/usr/share/texlive/texmf-dist/tex/latex/latexconfig/hyperref.cfg
File: hyperref.cfg 2002/06/06 v1.2 hyperref configuration of TeXLive
)
Package hyperref Info: Hyper figures OFF on input line 4498.
Package hyperref Info: Link nesting OFF on input line 4503.
Package hyperref Info: Hyper index ON on input line 4506.
Package hyperref Info: Plain pages OFF on input line 4513.
Package hyperref Info: Backreferencing OFF on input line 4518.
Package hyperref Info: Implicit mode ON; LaTeX internals redefined.
Package hyperref Info: Bookmarks ON on input line 4751.
\c@Hy@tempcnt=\count286

(/usr/share/texlive/texmf-dist/tex/latex/url/url.sty
\Urlmuskip=\muskip16
Package: url 2013/09/16  ver 3.4  Verb mode for urls, etc.
)
LaTeX Info: Redefining \url on input line 5104.
\XeTeXLinkMargin=\dimen168
\Fld@menulength=\count287
\Field@Width=\dimen169
\Fld@charsize=\dimen170
Package hyperref Info: Hyper figures OFF on input line 6358.
Package hyperref Info: Link nesting OFF on input line 6363.
Package hyperref Info: Hyper index ON on input line 6366.
Package hyperref Info: backreferencing OFF on input line 6373.
Package hyperref Info: Link coloring OFF on input line 6378.
Package hyperref Info: Link coloring with OCG OFF on input line 6383.
Package hyperref Info: PDF/A mode OFF on input line 6388.
LaTeX Info: Redefining \ref on input line 6428.
LaTeX Info: Redefining \pageref on input line 6432.
\Hy@abspage=\count288
\c@Item=\count289
\c@Hfootnote=\count290
)

Package hyperref Message: Driver (autodetected): hpdftex.

(/usr/share/texlive/texmf-dist/tex/latex/hyperref/hpdftex.def
File: hpdftex.def 2017/03/14 v6.85a Hyperref driver for pdfTeX
\HyAnn@Count=\count291
\Fld@listcount=\count292
\c@bookmark@seq@number=\count293

(/usr/share/texlive/texmf-dist/tex/latex/oberdiek/rerunfilecheck.sty
Package: rerunfilecheck 2016/05/16 v1.8 Rerun checks for auxiliary files (HO)
Package uniquecounter Info: New unique counter `rerunfilecheck' on input line 2
82.
)
\Hy@SectionHShift=\skip123
)
(./larStruct.aux)
\openout1 = `larStruct.aux'.

LaTeX Font Info:    Checking defaults for OML/cmm/m/it on input line 16.
LaTeX Font Info:    ... okay on input line 16.
LaTeX Font Info:    Checking defaults for T1/cmr/m/n on input line 16.
LaTeX Font Info:    ... okay on input line 16.
LaTeX Font Info:    Checking defaults for OT1/cmr/m/n on input line 16.
LaTeX Font Info:    ... okay on input line 16.
LaTeX Font Info:    Checking defaults for OMS/cmsy/m/n on input line 16.
LaTeX Font Info:    ... okay on input line 16.
LaTeX Font Info:    Checking defaults for OMX/cmex/m/n on input line 16.
LaTeX Font Info:    ... okay on input line 16.
LaTeX Font Info:    Checking defaults for U/cmr/m/n on input line 16.
LaTeX Font Info:    ... okay on input line 16.
LaTeX Font Info:    Checking defaults for PD1/pdf/m/n on input line 16.
LaTeX Font Info:    ... okay on input line 16.

*geometry* driver: auto-detecting
*geometry* detected driver: pdftex
*geometry* verbose mode - [ preamble ] result:
* driver: pdftex
* paper: a4paper
* layout: <same size as paper>
* layoutoffset:(h,v)=(0.0pt,0.0pt)
* modes: 
* h-part:(L,W,R)=(56.9055pt, 483.69687pt, 56.9055pt)
* v-part:(T,H,B)=(101.40665pt, 591.5302pt, 152.11pt)
* \paperwidth=597.50787pt
* \paperheight=845.04684pt
* \textwidth=483.69687pt
* \textheight=591.5302pt
* \oddsidemargin=-15.36449pt
* \evensidemargin=-15.36449pt
* \topmargin=-7.86334pt
* \headheight=12.0pt
* \headsep=25.0pt
* \topskip=12.0pt
* \footskip=30.0pt
* \marginparwidth=35.0pt
* \marginparsep=10.0pt
* \columnsep=10.0pt
* \skip\footins=10.8pt plus 4.0pt minus 2.0pt
* \hoffset=0.0pt
* \voffset=0.0pt
* \mag=1000
* \@twocolumnfalse
* \@twosidefalse
* \@mparswitchfalse
* \@reversemarginfalse
* (1in=72.27pt=25.4mm, 1cm=28.453pt)

(/usr/share/texlive/texmf-dist/tex/context/base/mkii/supp-pdf.mkii
[Loading MPS to PDF converter (version 2006.09.02).]
\scratchcounter=\count294
\scratchdimen=\dimen171
\scratchbox=\box76
\nofMPsegments=\count295
\nofMParguments=\count296
\everyMPshowfont=\toks19
\MPscratchCnt=\count297
\MPscratchDim=\dimen172
\MPnumerator=\count298
\makeMPintoPDFobject=\count299
\everyMPtoPDFconversion=\toks20
) (/usr/share/texlive/texmf-dist/tex/latex/oberdiek/epstopdf-base.sty
Package: epstopdf-base 2016/05/15 v2.6 Base part for package epstopdf

(/usr/share/texlive/texmf-dist/tex/latex/oberdiek/grfext.sty
Package: grfext 2016/05/16 v1.2 Manage graphics extensions (HO)
)
Package epstopdf-base Info: Redefining graphics rule for `.eps' on input line 4
38.
Package grfext Info: Graphics extension search list:
(grfext)             [.pdf,.png,.jpg,.mps,.jpeg,.jbig2,.jb2,.PDF,.PNG,.JPG,.JPE
G,.JBIG2,.JB2,.eps]
(grfext)             \AppendGraphicsExtensions on input line 456.

(/usr/share/texlive/texmf-dist/tex/latex/latexconfig/epstopdf-sys.cfg
File: epstopdf-sys.cfg 2010/07/13 v1.3 Configuration of (r)epstopdf for TeX Liv
e
))
(/usr/share/texlive/texmf-dist/tex/latex/base/textcomp.sty
Package: textcomp 2017/04/05 v2.0i Standard LaTeX package
Package textcomp Info: Sub-encoding information:
(textcomp)               5 = only ISO-Adobe without \textcurrency
(textcomp)               4 = 5 + \texteuro
(textcomp)               3 = 4 + \textohm
(textcomp)               2 = 3 + \textestimated + \textcurrency
(textcomp)               1 = TS1 - \textcircled - \t
(textcomp)               0 = TS1 (full)
(textcomp)             Font families with sub-encoding setting implement
(textcomp)             only a restricted character set as indicated.
(textcomp)             Family '?' is the default used for unknown fonts.
(textcomp)             See the documentation for details.
Package textcomp Info: Setting ? sub-encoding to TS1/1 on input line 79.

(/usr/share/texlive/texmf-dist/tex/latex/base/ts1enc.def
File: ts1enc.def 2001/06/05 v3.0e (jk/car/fm) Standard LaTeX file
)
LaTeX Info: Redefining \oldstylenums on input line 334.
Package textcomp Info: Setting cmr sub-encoding to TS1/0 on input line 349.
Package textcomp Info: Setting cmss sub-encoding to TS1/0 on input line 350.
Package textcomp Info: Setting cmtt sub-encoding to TS1/0 on input line 351.
Package textcomp Info: Setting cmvtt sub-encoding to TS1/0 on input line 352.
Package textcomp Info: Setting cmbr sub-encoding to TS1/0 on input line 353.
Package textcomp Info: Setting cmtl sub-encoding to TS1/0 on input line 354.
Package textcomp Info: Setting ccr sub-encoding to TS1/0 on input line 355.
Package textcomp Info: Setting ptm sub-encoding to TS1/4 on input line 356.
Package textcomp Info: Setting pcr sub-encoding to TS1/4 on input line 357.
Package textcomp Info: Setting phv sub-encoding to TS1/4 on input line 358.
Package textcomp Info: Setting ppl sub-encoding to TS1/3 on input line 359.
Package textcomp Info: Setting pag sub-encoding to TS1/4 on input line 360.
Package textcomp Info: Setting pbk sub-encoding to TS1/4 on input line 361.
Package textcomp Info: Setting pnc sub-encoding to TS1/4 on input line 362.
Package textcomp Info: Setting pzc sub-encoding to TS1/4 on input line 363.
Package textcomp Info: Setting bch sub-encoding to TS1/4 on input line 364.
Package textcomp Info: Setting put sub-encoding to TS1/5 on input line 365.
Package textcomp Info: Setting uag sub-encoding to TS1/5 on input line 366.
Package textcomp Info: Setting ugq sub-encoding to TS1/5 on input line 367.
Package textcomp Info: Setting ul8 sub-encoding to TS1/4 on input line 368.
Package textcomp Info: Setting ul9 sub-encoding to TS1/4 on input line 369.
Package textcomp Info: Setting augie sub-encoding to TS1/5 on input line 370.
Package textcomp Info: Setting dayrom sub-encoding to TS1/3 on input line 371.
Package textcomp Info: Setting dayroms sub-encoding to TS1/3 on input line 372.

Package textcomp Info: Setting pxr sub-encoding to TS1/0 on input line 373.
Package textcomp Info: Setting pxss sub-encoding to TS1/0 on input line 374.
Package textcomp Info: Setting pxtt sub-encoding to TS1/0 on input line 375.
Package textcomp Info: Setting txr sub-encoding to TS1/0 on input line 376.
Package textcomp Info: Setting txss sub-encoding to TS1/0 on input line 377.
Package textcomp Info: Setting txtt sub-encoding to TS1/0 on input line 378.
Package textcomp Info: Setting lmr sub-encoding to TS1/0 on input line 379.
Package textcomp Info: Setting lmdh sub-encoding to TS1/0 on input line 380.
Package textcomp Info: Setting lmss sub-encoding to TS1/0 on input line 381.
Package textcomp Info: Setting lmssq sub-encoding to TS1/0 on input line 382.
Package textcomp Info: Setting lmvtt sub-encoding to TS1/0 on input line 383.
Package textcomp Info: Setting lmtt sub-encoding to TS1/0 on input line 384.
Package textcomp Info: Setting qhv sub-encoding to TS1/0 on input line 385.
Package textcomp Info: Setting qag sub-encoding to TS1/0 on input line 386.
Package textcomp Info: Setting qbk sub-encoding to TS1/0 on input line 387.
Package textcomp Info: Setting qcr sub-encoding to TS1/0 on input line 388.
Package textcomp Info: Setting qcs sub-encoding to TS1/0 on input line 389.
Package textcomp Info: Setting qpl sub-encoding to TS1/0 on input line 390.
Package textcomp Info: Setting qtm sub-encoding to TS1/0 on input line 391.
Package textcomp Info: Setting qzc sub-encoding to TS1/0 on input line 392.
Package textcomp Info: Setting qhvc sub-encoding to TS1/0 on input line 393.
Package textcomp Info: Setting futs sub-encoding to TS1/4 on input line 394.
Package textcomp Info: Setting futx sub-encoding to TS1/4 on input line 395.
Package textcomp Info: Setting futj sub-encoding to TS1/4 on input line 396.
Package textcomp Info: Setting hlh sub-encoding to TS1/3 on input line 397.
Package textcomp Info: Setting hls sub-encoding to TS1/3 on input line 398.
Package textcomp Info: Setting hlst sub-encoding to TS1/3 on input line 399.
Package textcomp Info: Setting hlct sub-encoding to TS1/5 on input line 400.
Package textcomp Info: Setting hlx sub-encoding to TS1/5 on input line 401.
Package textcomp Info: Setting hlce sub-encoding to TS1/5 on input line 402.
Package textcomp Info: Setting hlcn sub-encoding to TS1/5 on input line 403.
Package textcomp Info: Setting hlcw sub-encoding to TS1/5 on input line 404.
Package textcomp Info: Setting hlcf sub-encoding to TS1/5 on input line 405.
Package textcomp Info: Setting pplx sub-encoding to TS1/3 on input line 406.
Package textcomp Info: Setting pplj sub-encoding to TS1/3 on input line 407.
Package textcomp Info: Setting ptmx sub-encoding to TS1/4 on input line 408.
Package textcomp Info: Setting ptmj sub-encoding to TS1/4 on input line 409.
)
\c@lstlisting=\count300
\AtBeginShipoutBox=\box77
Package caption Info: Begin \AtBeginDocument code.
Package caption Info: subfig package v1.3 is loaded.
Package caption Info: hyperref package is loaded.
Package caption Info: End \AtBeginDocument code.
Package hyperref Info: Link coloring OFF on input line 16.

(/usr/share/texlive/texmf-dist/tex/latex/hyperref/nameref.sty
Package: nameref 2016/05/21 v2.44 Cross-referencing by name of section

(/usr/share/texlive/texmf-dist/tex/generic/oberdiek/gettitlestring.sty
Package: gettitlestring 2016/05/16 v1.5 Cleanup title references (HO)
)
\c@section@level=\count301
)
LaTeX Info: Redefining \ref on input line 16.
LaTeX Info: Redefining \pageref on input line 16.
LaTeX Info: Redefining \nameref on input line 16.

(./larStruct.out) (./larStruct.out)
\@outlinefile=\write4
\openout4 = `larStruct.out'.

LaTeX Font Info:    External font `cmex10' loaded for size
(Font)              <14.4> on input line 20.
LaTeX Font Info:    External font `cmex10' loaded for size
(Font)              <7> on input line 20.
 (./larStruct.toc
LaTeX Font Info:    External font `cmex10' loaded for size
(Font)              <12> on input line 5.
LaTeX Font Info:    External font `cmex10' loaded for size
(Font)              <8> on input line 5.
LaTeX Font Info:    External font `cmex10' loaded for size
(Font)              <6> on input line 5.
 [1

{/var/lib/texmf/fonts/map/pdftex/updmap/pdftex.map}])
\tf@toc=\write5
\openout5 = `larStruct.toc'.

 (./larStruct.lof [2])
\tf@lof=\write6
\openout6 = `larStruct.lof'.

 [3]

! Package inputenc Error: Keyboard character used is undefined
(inputenc)                in inputencoding `latin1'.

See the inputenc package documentation for explanation.
Type  H <return>  for immediate help.
 ...                                              
                                                  
l.27 in a local coordinates‚Ä
                             ô system, and relocated by affine transformatio...

You need to provide a definition with \DeclareInputText 
or \DeclareInputMath before using this key.


! Package inputenc Error: Keyboard character used is undefined
(inputenc)                in inputencoding `latin1'.

See the inputenc package documentation for explanation.
Type  H <return>  for immediate help.
 ...                                              
                                                  
l.27 in a local coordinates‚Äô
                               system, and relocated by affine transformatio...

You need to provide a definition with \DeclareInputText 
or \DeclareInputMath before using this key.

LaTeX Font Info:    Try loading font information for TS1+cmr on input line 31.
(/usr/share/texlive/texmf-dist/tex/latex/base/ts1cmr.fd
File: ts1cmr.fd 2014/09/29 v2.5h Standard LaTeX font definitions
) [4] [5]
<larStruct.png, id=358, 1233.60875pt x 545.03625pt>
File: larStruct.png Graphic file (type png)
<use larStruct.png>
Package pdftex.def Info: larStruct.png  used on input line 101. on input line 1
01.
Package pdftex.def Info: Requested size: 616.80287pt x 272.51746pt on input lin
e 101.
 [6 <./larStruct.png>] [7]

! Package inputenc Error: Keyboard character used is undefined
(inputenc)                in inputencoding `latin1'.

See the inputenc package documentation for explanation.
Type  H <return>  for immediate help.
 ...                                              
                                                  
l.178 The second part of the subsection ‚Ä
                                          úResult‚Äù contains the plot of th...

You need to provide a definition with \DeclareInputText 
or \DeclareInputMath before using this key.


! Package inputenc Error: Keyboard character used is undefined
(inputenc)                in inputencoding `latin1'.

See the inputenc package documentation for explanation.
Type  H <return>  for immediate help.
 ...                                              
                                                  
l.178 The second part of the subsection ‚Äú
                                           Result‚Äù contains the plot of th...

You need to provide a definition with \DeclareInputText 
or \DeclareInputMath before using this key.


! Package inputenc Error: Keyboard character used is undefined
(inputenc)                in inputencoding `latin1'.

See the inputenc package documentation for explanation.
Type  H <return>  for immediate help.
 ...                                              
                                                  
l.178 ...second part of the subsection ‚ÄúResult‚Ä
                                                  ù contains the plot of the...

You need to provide a definition with \DeclareInputText 
or \DeclareInputMath before using this key.


! Package inputenc Error: Keyboard character used is undefined
(inputenc)                in inputencoding `latin1'.

See the inputenc package documentation for explanation.
Type  H <return>  for immediate help.
 ...                                              
                                                  
l.178 ...econd part of the subsection ‚ÄúResult‚Äù
                                                   contains the plot of the ...

You need to provide a definition with \DeclareInputText 
or \DeclareInputMath before using this key.


! Package inputenc Error: Keyboard character used is undefined
(inputenc)                in inputencoding `latin1'.

See the inputenc package documentation for explanation.
Type  H <return>  for immediate help.
 ...                                              
                                                  
l.179 run on ‚Ä
               úTesla‚Äù with 30 processors, where the input magnitute is in...

You need to provide a definition with \DeclareInputText 
or \DeclareInputMath before using this key.


! Package inputenc Error: Keyboard character used is undefined
(inputenc)                in inputencoding `latin1'.

See the inputenc package documentation for explanation.
Type  H <return>  for immediate help.
 ...                                              
                                                  
l.179 run on ‚Äú
                Tesla‚Äù with 30 processors, where the input magnitute is in...

You need to provide a definition with \DeclareInputText 
or \DeclareInputMath before using this key.


! Package inputenc Error: Keyboard character used is undefined
(inputenc)                in inputencoding `latin1'.

See the inputenc package documentation for explanation.
Type  H <return>  for immediate help.
 ...                                              
                                                  
l.179 run on ‚ÄúTesla‚Ä
                       ù with 30 processors, where the input magnitute is in...

You need to provide a definition with \DeclareInputText 
or \DeclareInputMath before using this key.


! Package inputenc Error: Keyboard character used is undefined
(inputenc)                in inputencoding `latin1'.

See the inputenc package documentation for explanation.
Type  H <return>  for immediate help.
 ...                                              
                                                  
l.179 run on ‚ÄúTesla‚Äù
                         with 30 processors, where the input magnitute is in...

You need to provide a definition with \DeclareInputText 
or \DeclareInputMath before using this key.

[8] [9] [10] [11]
Overfull \hbox (9.798pt too wide) in paragraph at lines 286--288
[] 
 []


Overfull \hbox (27.42282pt too wide) in paragraph at lines 362--364
[][] 
 []


Overfull \vbox (6.2962pt too high) has occurred while \output is active []


[12]
Overfull \hbox (9.798pt too wide) in paragraph at lines 388--390
[] 
 []

[13]
Overfull \hbox (9.798pt too wide) in paragraph at lines 486--487
[] 
 []

[14]
Overfull \hbox (9.798pt too wide) in paragraph at lines 543--544
[] 
 []

[15] [16]
<larApplySerial.png, id=410, 3613.5pt x 2409.0pt>
File: larApplySerial.png Graphic file (type png)
<use larApplySerial.png>
Package pdftex.def Info: larApplySerial.png  used on input line 608. on input l
ine 608.
Package pdftex.def Info: Requested size: 216.80064pt x 144.53377pt on input lin
e 608.
<larApplyParallel.png, id=411, 3613.5pt x 2409.0pt>
File: larApplyParallel.png Graphic file (type png)
<use larApplyParallel.png>
Package pdftex.def Info: larApplyParallel.png  used on input line 611. on input
 line 611.
Package pdftex.def Info: Requested size: 216.80064pt x 144.53377pt on input lin
e 611.

Overfull \hbox (9.798pt too wide) in paragraph at lines 615--616
[] 
 []

<larApplyC.png, id=412, 3613.5pt x 2409.0pt>
File: larApplyC.png Graphic file (type png)
<use larApplyC.png>
Package pdftex.def Info: larApplyC.png  used on input line 622. on input line 6
22.
Package pdftex.def Info: Requested size: 289.0859pt x 192.72394pt on input line
 622.
[17 <./larApplySerial.png> <./larApplyParallel.png> <./larApplyC.png>] [18]
[19]
Overfull \hbox (9.798pt too wide) in paragraph at lines 762--763
[] 
 []

[20]
Overfull \hbox (9.798pt too wide) in paragraph at lines 787--788
[] 
 []

[21]
<boxSerial.png, id=437, 3613.5pt x 2409.0pt>
File: boxSerial.png Graphic file (type png)
<use boxSerial.png>
Package pdftex.def Info: boxSerial.png  used on input line 830. on input line 8
30.
Package pdftex.def Info: Requested size: 216.80064pt x 144.53377pt on input lin
e 830.
<boxParallel.png, id=438, 3613.5pt x 2409.0pt>
File: boxParallel.png Graphic file (type png)
<use boxParallel.png>
Package pdftex.def Info: boxParallel.png  used on input line 833. on input line
 833.
Package pdftex.def Info: Requested size: 216.80064pt x 144.53377pt on input lin
e 833.

Overfull \hbox (9.798pt too wide) in paragraph at lines 837--838
[] 
 []

<boxC.png, id=439, 3613.5pt x 2409.0pt>
File: boxC.png Graphic file (type png)
<use boxC.png>
Package pdftex.def Info: boxC.png  used on input line 844. on input line 844.
Package pdftex.def Info: Requested size: 289.0859pt x 192.72394pt on input line
 844.
[22 <./boxSerial.png> <./boxParallel.png> <./boxC.png>]
<box.png, id=446, 3613.5pt x 2409.0pt>
File: box.png Graphic file (type png)
<use box.png>
Package pdftex.def Info: box.png  used on input line 875. on input line 875.
Package pdftex.def Info: Requested size: 216.80064pt x 144.53377pt on input lin
e 875.
<pbox.png, id=447, 3613.5pt x 2409.0pt>
File: pbox.png Graphic file (type png)
<use pbox.png>
Package pdftex.def Info: pbox.png  used on input line 878. on input line 878.
Package pdftex.def Info: Requested size: 216.80064pt x 144.53377pt on input lin
e 878.
 [23 <./box.png> <./pbox.png>]
Overfull \hbox (9.798pt too wide) in paragraph at lines 884--885
[] 
 []

<compbox.png, id=454, 3613.5pt x 2409.0pt>
File: compbox.png Graphic file (type png)
<use compbox.png>
Package pdftex.def Info: compbox.png  used on input line 892. on input line 892
.
Package pdftex.def Info: Requested size: 289.0859pt x 192.72394pt on input line
 892.
[24 <./compbox.png>] [25]
Overfull \hbox (9.798pt too wide) in paragraph at lines 964--965
[] 
 []


Overfull \hbox (9.798pt too wide) in paragraph at lines 977--978
[] 
 []

[26]
<traversalSerial.png, id=470, 3613.5pt x 2409.0pt>
File: traversalSerial.png Graphic file (type png)
<use traversalSerial.png>
Package pdftex.def Info: traversalSerial.png  used on input line 1020. on input
 line 1020.
Package pdftex.def Info: Requested size: 216.80064pt x 144.53377pt on input lin
e 1020.
<traversalParallel.png, id=471, 3613.5pt x 2409.0pt>
File: traversalParallel.png Graphic file (type png)
<use traversalParallel.png>
Package pdftex.def Info: traversalParallel.png  used on input line 1023. on inp
ut line 1023.
Package pdftex.def Info: Requested size: 216.80064pt x 144.53377pt on input lin
e 1023.
 [27 <./traversalSerial.png> <./traversalParallel.png>]
Overfull \hbox (9.798pt too wide) in paragraph at lines 1030--1031
[] 
 []

<traversalC.png, id=478, 3613.5pt x 2409.0pt>
File: traversalC.png Graphic file (type png)
<use traversalC.png>
Package pdftex.def Info: traversalC.png  used on input line 1040. on input line
 1040.
Package pdftex.def Info: Requested size: 289.0859pt x 192.72394pt on input line
 1040.
[28 <./traversalC.png>]
<traversal.png, id=483, 3613.5pt x 2409.0pt>
File: traversal.png Graphic file (type png)
<use traversal.png>
Package pdftex.def Info: traversal.png  used on input line 1075. on input line 
1075.
Package pdftex.def Info: Requested size: 216.80064pt x 144.53377pt on input lin
e 1075.
<ptraversal.png, id=484, 3613.5pt x 2409.0pt>
File: ptraversal.png Graphic file (type png)
<use ptraversal.png>
Package pdftex.def Info: ptraversal.png  used on input line 1078. on input line
 1078.
Package pdftex.def Info: Requested size: 216.80064pt x 144.53377pt on input lin
e 1078.

Overfull \hbox (9.798pt too wide) in paragraph at lines 1082--1083
[] 
 []

<comptraversal.png, id=485, 3613.5pt x 2409.0pt>
File: comptraversal.png Graphic file (type png)
<use comptraversal.png>
Package pdftex.def Info: comptraversal.png  used on input line 1090. on input l
ine 1090.
Package pdftex.def Info: Requested size: 289.0859pt x 192.72394pt on input line
 1090.
[29 <./traversal.png> <./ptraversal.png> <./comptraversal.png>]
Overfull \hbox (9.798pt too wide) in paragraph at lines 1100--1101
[] 
 []

[30] [31] [32] [33]
Overfull \hbox (9.798pt too wide) in paragraph at lines 1326--1327
[] 
 []


Overfull \hbox (9.798pt too wide) in paragraph at lines 1337--1338
[] 
 []

[34]
<Struct.png, id=513, 3613.5pt x 2409.0pt>
File: Struct.png Graphic file (type png)
<use Struct.png>
Package pdftex.def Info: Struct.png  used on input line 1367. on input line 136
7.
Package pdftex.def Info: Requested size: 216.80064pt x 144.53377pt on input lin
e 1367.
<StructParallel.png, id=514, 3613.5pt x 2409.0pt>
File: StructParallel.png Graphic file (type png)
<use StructParallel.png>
Package pdftex.def Info: StructParallel.png  used on input line 1370. on input 
line 1370.
Package pdftex.def Info: Requested size: 216.80064pt x 144.53377pt on input lin
e 1370.

Overfull \hbox (9.798pt too wide) in paragraph at lines 1374--1375
[] 
 []

<StructC.png, id=515, 3613.5pt x 2409.0pt>
File: StructC.png Graphic file (type png)
<use StructC.png>
Package pdftex.def Info: StructC.png  used on input line 1381. on input line 13
81.
Package pdftex.def Info: Requested size: 289.0859pt x 192.72394pt on input line
 1381.
[35 <./Struct.png> <./StructParallel.png> <./StructC.png>]
<struct.png, id=522, 3613.5pt x 2409.0pt>
File: struct.png Graphic file (type png)
<use struct.png>
Package pdftex.def Info: struct.png  used on input line 1414. on input line 141
4.
Package pdftex.def Info: Requested size: 216.80064pt x 144.53377pt on input lin
e 1414.
<pstruct.png, id=523, 3613.5pt x 2409.0pt>
File: pstruct.png Graphic file (type png)
<use pstruct.png>
Package pdftex.def Info: pstruct.png  used on input line 1417. on input line 14
17.
Package pdftex.def Info: Requested size: 216.80064pt x 144.53377pt on input lin
e 1417.
 [36 <./struct.png> <./pstruct.png>]
Overfull \hbox (27.42282pt too wide) in paragraph at lines 1423--1424
[][] 
 []

<compstruct.png, id=530, 3613.5pt x 2409.0pt>
File: compstruct.png Graphic file (type png)
<use compstruct.png>
Package pdftex.def Info: compstruct.png  used on input line 1431. on input line
 1431.
Package pdftex.def Info: Requested size: 289.0859pt x 192.72394pt on input line
 1431.
[37 <./compstruct.png>] [38] [39]
Overfull \hbox (9.798pt too wide) in paragraph at lines 1573--1574
[] 
 []

[40]
Overfull \hbox (9.798pt too wide) in paragraph at lines 1588--1589
[] 
 []

[41]
<embedtraversal.png, id=552, 3613.5pt x 2409.0pt>
File: embedtraversal.png Graphic file (type png)
<use embedtraversal.png>
Package pdftex.def Info: embedtraversal.png  used on input line 1640. on input 
line 1640.
Package pdftex.def Info: Requested size: 216.80064pt x 144.53377pt on input lin
e 1640.
<pembedtraversal.png, id=553, 3613.5pt x 2409.0pt>
File: pembedtraversal.png Graphic file (type png)
<use pembedtraversal.png>
Package pdftex.def Info: pembedtraversal.png  used on input line 1643. on input
 line 1643.
Package pdftex.def Info: Requested size: 216.80064pt x 144.53377pt on input lin
e 1643.

Overfull \hbox (9.798pt too wide) in paragraph at lines 1646--1647
[] 
 []

<compembedtraversal.png, id=554, 3613.5pt x 2409.0pt>
File: compembedtraversal.png Graphic file (type png)
<use compembedtraversal.png>
Package pdftex.def Info: compembedtraversal.png  used on input line 1653. on in
put line 1653.
Package pdftex.def Info: Requested size: 289.0859pt x 192.72394pt on input line
 1653.
[42 <./embedtraversal.png> <./pembedtraversal.png> <./compembedtraversal.png>]
[43]
Overfull \hbox (9.798pt too wide) in paragraph at lines 1720--1721
[] 
 []


Overfull \hbox (27.42282pt too wide) in paragraph at lines 1736--1737
[][] 
 []

[44]
<embedStruct.png, id=570, 3613.5pt x 2409.0pt>
File: embedStruct.png Graphic file (type png)
<use embedStruct.png>
Package pdftex.def Info: embedStruct.png  used on input line 1783. on input lin
e 1783.
Package pdftex.def Info: Requested size: 216.80064pt x 144.53377pt on input lin
e 1783.
<pembedstruct.png, id=571, 3613.5pt x 2409.0pt>
File: pembedstruct.png Graphic file (type png)
<use pembedstruct.png>
Package pdftex.def Info: pembedstruct.png  used on input line 1786. on input li
ne 1786.
Package pdftex.def Info: Requested size: 216.80064pt x 144.53377pt on input lin
e 1786.
 [45 <./embedStruct.png> <./pembedstruct.png>]
Overfull \hbox (9.798pt too wide) in paragraph at lines 1792--1793
[] 
 []

<compembedStruct.png, id=579, 3613.5pt x 2409.0pt>
File: compembedStruct.png Graphic file (type png)
<use compembedStruct.png>
Package pdftex.def Info: compembedStruct.png  used on input line 1799. on input
 line 1799.
Package pdftex.def Info: Requested size: 289.0859pt x 192.72394pt on input line
 1799.
[46 <./compembedStruct.png>]
Overfull \hbox (9.798pt too wide) in paragraph at lines 1855--1856
[] 
 []

[47]
Overfull \hbox (9.798pt too wide) in paragraph at lines 1873--1874
[] 
 []

[48]
Overfull \hbox (9.798pt too wide) in paragraph at lines 1894--1896
[] 
 []


Overfull \hbox (9.798pt too wide) in paragraph at lines 1921--1923
[] 
 []

[49] [50] [51] [52]
Overfull \hbox (9.798pt too wide) in paragraph at lines 2125--2126
[] 
 []


Overfull \hbox (9.798pt too wide) in paragraph at lines 2149--2150
[] 
 []

[53]
<struct2larSerial.png, id=613, 3613.5pt x 2409.0pt>
File: struct2larSerial.png Graphic file (type png)
<use struct2larSerial.png>
Package pdftex.def Info: struct2larSerial.png  used on input line 2196. on inpu
t line 2196.
Package pdftex.def Info: Requested size: 216.80064pt x 144.53377pt on input lin
e 2196.
<struct2larParallel.png, id=614, 3613.5pt x 2409.0pt>
File: struct2larParallel.png Graphic file (type png)
<use struct2larParallel.png>
Package pdftex.def Info: struct2larParallel.png  used on input line 2199. on in
put line 2199.
Package pdftex.def Info: Requested size: 216.80064pt x 144.53377pt on input lin
e 2199.
 [54 <./struct2larSerial.png> <./struct2larParallel.png>]
Overfull \hbox (9.798pt too wide) in paragraph at lines 2205--2206
[] 
 []

<struct2larC.png, id=621, 3613.5pt x 2409.0pt>
File: struct2larC.png Graphic file (type png)
<use struct2larC.png>
Package pdftex.def Info: struct2larC.png  used on input line 2216. on input lin
e 2216.
Package pdftex.def Info: Requested size: 289.0859pt x 192.72394pt on input line
 2216.
[55 <./struct2larC.png>]
<struct2lar.png, id=627, 3613.5pt x 2409.0pt>
File: struct2lar.png Graphic file (type png)
<use struct2lar.png>
Package pdftex.def Info: struct2lar.png  used on input line 2243. on input line
 2243.
Package pdftex.def Info: Requested size: 216.80064pt x 144.53377pt on input lin
e 2243.
<pstruct2lar.png, id=628, 3613.5pt x 2409.0pt>
File: pstruct2lar.png Graphic file (type png)
<use pstruct2lar.png>
Package pdftex.def Info: pstruct2lar.png  used on input line 2246. on input lin
e 2246.
Package pdftex.def Info: Requested size: 216.80064pt x 144.53377pt on input lin
e 2246.

Overfull \hbox (9.798pt too wide) in paragraph at lines 2251--2252
[] 
 []

<compstruct2lar.png, id=629, 3613.5pt x 2409.0pt>
File: compstruct2lar.png Graphic file (type png)
<use compstruct2lar.png>
Package pdftex.def Info: compstruct2lar.png  used on input line 2259. on input 
line 2259.
Package pdftex.def Info: Requested size: 289.0859pt x 192.72394pt on input line
 2259.
[56 <./struct2lar.png> <./pstruct2lar.png> <./compstruct2lar.png>] [57]
Overfull \hbox (9.798pt too wide) in paragraph at lines 2347--2348
[] 
 []


Overfull \hbox (9.798pt too wide) in paragraph at lines 2359--2360
[] 
 []

[58]
<larRemoveVertices.png, id=644, 3613.5pt x 2409.0pt>
File: larRemoveVertices.png Graphic file (type png)
<use larRemoveVertices.png>
Package pdftex.def Info: larRemoveVertices.png  used on input line 2387. on inp
ut line 2387.
Package pdftex.def Info: Requested size: 216.80064pt x 144.53377pt on input lin
e 2387.
<larRemoveVerticesParallel.png, id=645, 3613.5pt x 2409.0pt>
File: larRemoveVerticesParallel.png Graphic file (type png)
<use larRemoveVerticesParallel.png>
Package pdftex.def Info: larRemoveVerticesParallel.png  used on input line 2390
. on input line 2390.
Package pdftex.def Info: Requested size: 216.80064pt x 144.53377pt on input lin
e 2390.

Overfull \hbox (9.798pt too wide) in paragraph at lines 2393--2394
[] 
 []

<larRemoveVerticesC.png, id=646, 3613.5pt x 2409.0pt>
File: larRemoveVerticesC.png Graphic file (type png)
<use larRemoveVerticesC.png>
Package pdftex.def Info: larRemoveVerticesC.png  used on input line 2400. on in
put line 2400.
Package pdftex.def Info: Requested size: 289.0859pt x 192.72394pt on input line
 2400.
[59 <./larRemoveVertices.png> <./larRemoveVerticesParallel.png> <./larRemoveVer
ticesC.png>]
<tablewithchairs.png, id=653, 437.635pt x 398.48875pt>
File: tablewithchairs.png Graphic file (type png)
<use tablewithchairs.png>
Package pdftex.def Info: tablewithchairs.png  used on input line 2425. on input
 line 2425.
Package pdftex.def Info: Requested size: 262.58302pt x 239.0951pt on input line
 2425.
 [60 <./tablewithchairs.png>]
<classroom.png, id=659, 519.9425pt x 229.85875pt>
File: classroom.png Graphic file (type png)
<use classroom.png>
Package pdftex.def Info: classroom.png  used on input line 2461. on input line 
2461.
Package pdftex.def Info: Requested size: 311.96791pt x 137.91629pt on input lin
e 2461.
 [61 <./classroom.png>]
Package atveryend Info: Empty hook `BeforeClearDocument' on input line 2480.
 [62]
Package atveryend Info: Empty hook `AfterLastShipout' on input line 2480.

(./larStruct.aux)
Package atveryend Info: Executing hook `AtVeryEndDocument' on input line 2480.
Package atveryend Info: Executing hook `AtEndAfterFileList' on input line 2480.

Package rerunfilecheck Info: File `larStruct.out' has not changed.
(rerunfilecheck)             Checksum: 2720ACE33795D8AEDD51D42858246AFF;3537.
 ) 
Here is how much of TeX's memory you used:
 18912 strings out of 492990
 336813 string characters out of 6135005
 435695 words of memory out of 5000000
 22100 multiletter control sequences out of 15000+600000
 536113 words of font info for 42 fonts, out of 8000000 for 9000
 1141 hyphenation exceptions out of 8191
 44i,10n,49p,10417b,509s stack positions out of 5000i,500n,10000p,200000b,80000s
{/usr/share/texmf/fonts/enc/dvips/cm-super/cm-super-ts1.enc}</usr/share/texli
ve/texmf-dist/fonts/type1/public/amsfonts/cm/cmbx12.pfb></usr/share/texlive/tex
mf-dist/fonts/type1/public/amsfonts/cm/cmmi12.pfb></usr/share/texlive/texmf-dis
t/fonts/type1/public/amsfonts/cm/cmr10.pfb></usr/share/texlive/texmf-dist/fonts
/type1/public/amsfonts/cm/cmr12.pfb></usr/share/texlive/texmf-dist/fonts/type1/
public/amsfonts/cm/cmr17.pfb></usr/share/texlive/texmf-dist/fonts/type1/public/
amsfonts/cm/cmsy10.pfb></usr/share/texlive/texmf-dist/fonts/type1/public/amsfon
ts/cm/cmtt10.pfb></usr/share/texlive/texmf-dist/fonts/type1/public/amsfonts/cm/
cmtt8.pfb></usr/share/texmf/fonts/type1/public/cm-super/sfrm1200.pfb>
Output written on larStruct.pdf (62 pages, 4632243 bytes).
PDF statistics:
 747 PDF objects out of 1000 (max. 8388607)
 625 compressed objects within 7 object streams
 172 named destinations out of 1000 (max. 500000)
 628 words of extra memory for PDF output out of 10000 (max. 10000000)

